ARM GAS  /var/folders/8d/8djywmp92nx9cg9c5pcw0px00000gn/T//cccJhDnJ.s 			page 1


   1              		.cpu cortex-m7
   2              		.arch armv7e-m
   3              		.fpu fpv5-d16
   4              		.eabi_attribute 28, 1
   5              		.eabi_attribute 20, 1
   6              		.eabi_attribute 21, 1
   7              		.eabi_attribute 23, 3
   8              		.eabi_attribute 24, 1
   9              		.eabi_attribute 25, 1
  10              		.eabi_attribute 26, 1
  11              		.eabi_attribute 30, 1
  12              		.eabi_attribute 34, 1
  13              		.eabi_attribute 18, 4
  14              		.file	"stm32f7xx_hal_msp.c"
  15              		.text
  16              	.Ltext0:
  17              		.cfi_sections	.debug_frame
  18              		.file 1 "Src/stm32f7xx_hal_msp.c"
  19              		.section	.text.HAL_MspInit,"ax",%progbits
  20              		.align	1
  21              		.global	HAL_MspInit
  22              		.syntax unified
  23              		.thumb
  24              		.thumb_func
  26              	HAL_MspInit:
  27              	.LFB141:
   1:Src/stm32f7xx_hal_msp.c **** 
   2:Src/stm32f7xx_hal_msp.c **** /* USER CODE BEGIN Header */
   3:Src/stm32f7xx_hal_msp.c **** /**
   4:Src/stm32f7xx_hal_msp.c ****   ******************************************************************************
   5:Src/stm32f7xx_hal_msp.c ****   * @file         stm32f7xx_hal_msp.c
   6:Src/stm32f7xx_hal_msp.c ****   * @brief        This file provides code for the MSP Initialization
   7:Src/stm32f7xx_hal_msp.c ****   *               and de-Initialization codes.
   8:Src/stm32f7xx_hal_msp.c ****   ******************************************************************************
   9:Src/stm32f7xx_hal_msp.c ****   * @attention
  10:Src/stm32f7xx_hal_msp.c ****   *
  11:Src/stm32f7xx_hal_msp.c ****   * Copyright (c) 2024 STMicroelectronics.
  12:Src/stm32f7xx_hal_msp.c ****   * All rights reserved.
  13:Src/stm32f7xx_hal_msp.c ****   *
  14:Src/stm32f7xx_hal_msp.c ****   * This software is licensed under terms that can be found in the LICENSE file
  15:Src/stm32f7xx_hal_msp.c ****   * in the root directory of this software component.
  16:Src/stm32f7xx_hal_msp.c ****   * If no LICENSE file comes with this software, it is provided AS-IS.
  17:Src/stm32f7xx_hal_msp.c ****   *
  18:Src/stm32f7xx_hal_msp.c ****   ******************************************************************************
  19:Src/stm32f7xx_hal_msp.c ****   */
  20:Src/stm32f7xx_hal_msp.c **** /* USER CODE END Header */
  21:Src/stm32f7xx_hal_msp.c **** 
  22:Src/stm32f7xx_hal_msp.c **** /* Includes ------------------------------------------------------------------*/
  23:Src/stm32f7xx_hal_msp.c **** #include "main.h"
  24:Src/stm32f7xx_hal_msp.c **** /* USER CODE BEGIN Includes */
  25:Src/stm32f7xx_hal_msp.c **** 
  26:Src/stm32f7xx_hal_msp.c **** /* USER CODE END Includes */
  27:Src/stm32f7xx_hal_msp.c **** 
  28:Src/stm32f7xx_hal_msp.c **** /* Private typedef -----------------------------------------------------------*/
  29:Src/stm32f7xx_hal_msp.c **** /* USER CODE BEGIN TD */
  30:Src/stm32f7xx_hal_msp.c **** 
  31:Src/stm32f7xx_hal_msp.c **** /* USER CODE END TD */
ARM GAS  /var/folders/8d/8djywmp92nx9cg9c5pcw0px00000gn/T//cccJhDnJ.s 			page 2


  32:Src/stm32f7xx_hal_msp.c **** 
  33:Src/stm32f7xx_hal_msp.c **** /* Private define ------------------------------------------------------------*/
  34:Src/stm32f7xx_hal_msp.c **** /* USER CODE BEGIN Define */
  35:Src/stm32f7xx_hal_msp.c **** 
  36:Src/stm32f7xx_hal_msp.c **** /* USER CODE END Define */
  37:Src/stm32f7xx_hal_msp.c **** 
  38:Src/stm32f7xx_hal_msp.c **** /* Private macro -------------------------------------------------------------*/
  39:Src/stm32f7xx_hal_msp.c **** /* USER CODE BEGIN Macro */
  40:Src/stm32f7xx_hal_msp.c **** 
  41:Src/stm32f7xx_hal_msp.c **** /* USER CODE END Macro */
  42:Src/stm32f7xx_hal_msp.c **** 
  43:Src/stm32f7xx_hal_msp.c **** /* Private variables ---------------------------------------------------------*/
  44:Src/stm32f7xx_hal_msp.c **** /* USER CODE BEGIN PV */
  45:Src/stm32f7xx_hal_msp.c **** 
  46:Src/stm32f7xx_hal_msp.c **** /* USER CODE END PV */
  47:Src/stm32f7xx_hal_msp.c **** 
  48:Src/stm32f7xx_hal_msp.c **** /* Private function prototypes -----------------------------------------------*/
  49:Src/stm32f7xx_hal_msp.c **** /* USER CODE BEGIN PFP */
  50:Src/stm32f7xx_hal_msp.c **** 
  51:Src/stm32f7xx_hal_msp.c **** /* USER CODE END PFP */
  52:Src/stm32f7xx_hal_msp.c **** 
  53:Src/stm32f7xx_hal_msp.c **** /* External functions --------------------------------------------------------*/
  54:Src/stm32f7xx_hal_msp.c **** /* USER CODE BEGIN ExternalFunctions */
  55:Src/stm32f7xx_hal_msp.c **** 
  56:Src/stm32f7xx_hal_msp.c **** /* USER CODE END ExternalFunctions */
  57:Src/stm32f7xx_hal_msp.c **** 
  58:Src/stm32f7xx_hal_msp.c **** /* USER CODE BEGIN 0 */
  59:Src/stm32f7xx_hal_msp.c **** 
  60:Src/stm32f7xx_hal_msp.c **** /* USER CODE END 0 */
  61:Src/stm32f7xx_hal_msp.c **** /**
  62:Src/stm32f7xx_hal_msp.c ****   * Initializes the Global MSP.
  63:Src/stm32f7xx_hal_msp.c ****   */
  64:Src/stm32f7xx_hal_msp.c **** void HAL_MspInit(void)
  65:Src/stm32f7xx_hal_msp.c **** {
  28              		.loc 1 65 1 view -0
  29              		.cfi_startproc
  30              		@ args = 0, pretend = 0, frame = 8
  31              		@ frame_needed = 0, uses_anonymous_args = 0
  32              		@ link register save eliminated.
  33 0000 82B0     		sub	sp, sp, #8
  34              		.cfi_def_cfa_offset 8
  66:Src/stm32f7xx_hal_msp.c **** 
  67:Src/stm32f7xx_hal_msp.c ****   /* USER CODE BEGIN MspInit 0 */
  68:Src/stm32f7xx_hal_msp.c **** 
  69:Src/stm32f7xx_hal_msp.c ****   /* USER CODE END MspInit 0 */
  70:Src/stm32f7xx_hal_msp.c **** 
  71:Src/stm32f7xx_hal_msp.c ****   __HAL_RCC_PWR_CLK_ENABLE();
  35              		.loc 1 71 3 view .LVU1
  36              	.LBB2:
  37              		.loc 1 71 3 view .LVU2
  38              		.loc 1 71 3 view .LVU3
  39 0002 0A4B     		ldr	r3, .L3
  40 0004 1A6C     		ldr	r2, [r3, #64]
  41 0006 42F08052 		orr	r2, r2, #268435456
  42 000a 1A64     		str	r2, [r3, #64]
  43              		.loc 1 71 3 view .LVU4
  44 000c 1A6C     		ldr	r2, [r3, #64]
ARM GAS  /var/folders/8d/8djywmp92nx9cg9c5pcw0px00000gn/T//cccJhDnJ.s 			page 3


  45 000e 02F08052 		and	r2, r2, #268435456
  46 0012 0092     		str	r2, [sp]
  47              		.loc 1 71 3 view .LVU5
  48 0014 009A     		ldr	r2, [sp]
  49              	.LBE2:
  50              		.loc 1 71 3 view .LVU6
  72:Src/stm32f7xx_hal_msp.c ****   __HAL_RCC_SYSCFG_CLK_ENABLE();
  51              		.loc 1 72 3 view .LVU7
  52              	.LBB3:
  53              		.loc 1 72 3 view .LVU8
  54              		.loc 1 72 3 view .LVU9
  55 0016 5A6C     		ldr	r2, [r3, #68]
  56 0018 42F48042 		orr	r2, r2, #16384
  57 001c 5A64     		str	r2, [r3, #68]
  58              		.loc 1 72 3 view .LVU10
  59 001e 5B6C     		ldr	r3, [r3, #68]
  60 0020 03F48043 		and	r3, r3, #16384
  61 0024 0193     		str	r3, [sp, #4]
  62              		.loc 1 72 3 view .LVU11
  63 0026 019B     		ldr	r3, [sp, #4]
  64              	.LBE3:
  65              		.loc 1 72 3 view .LVU12
  73:Src/stm32f7xx_hal_msp.c **** 
  74:Src/stm32f7xx_hal_msp.c ****   /* System interrupt init*/
  75:Src/stm32f7xx_hal_msp.c **** 
  76:Src/stm32f7xx_hal_msp.c ****   /* USER CODE BEGIN MspInit 1 */
  77:Src/stm32f7xx_hal_msp.c **** 
  78:Src/stm32f7xx_hal_msp.c ****   /* USER CODE END MspInit 1 */
  79:Src/stm32f7xx_hal_msp.c **** }
  66              		.loc 1 79 1 is_stmt 0 view .LVU13
  67 0028 02B0     		add	sp, sp, #8
  68              		.cfi_def_cfa_offset 0
  69              		@ sp needed
  70 002a 7047     		bx	lr
  71              	.L4:
  72              		.align	2
  73              	.L3:
  74 002c 00380240 		.word	1073887232
  75              		.cfi_endproc
  76              	.LFE141:
  78              		.section	.text.HAL_ETH_MspInit,"ax",%progbits
  79              		.align	1
  80              		.global	HAL_ETH_MspInit
  81              		.syntax unified
  82              		.thumb
  83              		.thumb_func
  85              	HAL_ETH_MspInit:
  86              	.LVL0:
  87              	.LFB142:
  80:Src/stm32f7xx_hal_msp.c **** 
  81:Src/stm32f7xx_hal_msp.c **** /**
  82:Src/stm32f7xx_hal_msp.c **** * @brief ETH MSP Initialization
  83:Src/stm32f7xx_hal_msp.c **** * This function configures the hardware resources used in this example
  84:Src/stm32f7xx_hal_msp.c **** * @param heth: ETH handle pointer
  85:Src/stm32f7xx_hal_msp.c **** * @retval None
  86:Src/stm32f7xx_hal_msp.c **** */
  87:Src/stm32f7xx_hal_msp.c **** void HAL_ETH_MspInit(ETH_HandleTypeDef* heth)
ARM GAS  /var/folders/8d/8djywmp92nx9cg9c5pcw0px00000gn/T//cccJhDnJ.s 			page 4


  88:Src/stm32f7xx_hal_msp.c **** {
  88              		.loc 1 88 1 is_stmt 1 view -0
  89              		.cfi_startproc
  90              		@ args = 0, pretend = 0, frame = 48
  91              		@ frame_needed = 0, uses_anonymous_args = 0
  92              		.loc 1 88 1 is_stmt 0 view .LVU15
  93 0000 F0B5     		push	{r4, r5, r6, r7, lr}
  94              		.cfi_def_cfa_offset 20
  95              		.cfi_offset 4, -20
  96              		.cfi_offset 5, -16
  97              		.cfi_offset 6, -12
  98              		.cfi_offset 7, -8
  99              		.cfi_offset 14, -4
 100 0002 8DB0     		sub	sp, sp, #52
 101              		.cfi_def_cfa_offset 72
  89:Src/stm32f7xx_hal_msp.c ****   GPIO_InitTypeDef GPIO_InitStruct = {0};
 102              		.loc 1 89 3 is_stmt 1 view .LVU16
 103              		.loc 1 89 20 is_stmt 0 view .LVU17
 104 0004 0023     		movs	r3, #0
 105 0006 0793     		str	r3, [sp, #28]
 106 0008 0893     		str	r3, [sp, #32]
 107 000a 0993     		str	r3, [sp, #36]
 108 000c 0A93     		str	r3, [sp, #40]
 109 000e 0B93     		str	r3, [sp, #44]
  90:Src/stm32f7xx_hal_msp.c ****   if(heth->Instance==ETH)
 110              		.loc 1 90 3 is_stmt 1 view .LVU18
 111              		.loc 1 90 10 is_stmt 0 view .LVU19
 112 0010 0268     		ldr	r2, [r0]
 113              		.loc 1 90 5 view .LVU20
 114 0012 3A4B     		ldr	r3, .L9
 115 0014 9A42     		cmp	r2, r3
 116 0016 01D0     		beq	.L8
 117              	.LVL1:
 118              	.L5:
  91:Src/stm32f7xx_hal_msp.c ****   {
  92:Src/stm32f7xx_hal_msp.c ****   /* USER CODE BEGIN ETH_MspInit 0 */
  93:Src/stm32f7xx_hal_msp.c **** 
  94:Src/stm32f7xx_hal_msp.c ****   /* USER CODE END ETH_MspInit 0 */
  95:Src/stm32f7xx_hal_msp.c ****     /* Peripheral clock enable */
  96:Src/stm32f7xx_hal_msp.c ****     __HAL_RCC_ETH_CLK_ENABLE();
  97:Src/stm32f7xx_hal_msp.c **** 
  98:Src/stm32f7xx_hal_msp.c ****     __HAL_RCC_GPIOC_CLK_ENABLE();
  99:Src/stm32f7xx_hal_msp.c ****     __HAL_RCC_GPIOA_CLK_ENABLE();
 100:Src/stm32f7xx_hal_msp.c ****     __HAL_RCC_GPIOB_CLK_ENABLE();
 101:Src/stm32f7xx_hal_msp.c ****     __HAL_RCC_GPIOG_CLK_ENABLE();
 102:Src/stm32f7xx_hal_msp.c ****     /**ETH GPIO Configuration
 103:Src/stm32f7xx_hal_msp.c ****     PC1     ------> ETH_MDC
 104:Src/stm32f7xx_hal_msp.c ****     PA1     ------> ETH_REF_CLK
 105:Src/stm32f7xx_hal_msp.c ****     PA2     ------> ETH_MDIO
 106:Src/stm32f7xx_hal_msp.c ****     PA7     ------> ETH_CRS_DV
 107:Src/stm32f7xx_hal_msp.c ****     PC4     ------> ETH_RXD0
 108:Src/stm32f7xx_hal_msp.c ****     PC5     ------> ETH_RXD1
 109:Src/stm32f7xx_hal_msp.c ****     PB13     ------> ETH_TXD1
 110:Src/stm32f7xx_hal_msp.c ****     PG11     ------> ETH_TX_EN
 111:Src/stm32f7xx_hal_msp.c ****     PG13     ------> ETH_TXD0
 112:Src/stm32f7xx_hal_msp.c ****     */
 113:Src/stm32f7xx_hal_msp.c ****     GPIO_InitStruct.Pin = RMII_MDC_Pin|RMII_RXD0_Pin|RMII_RXD1_Pin;
ARM GAS  /var/folders/8d/8djywmp92nx9cg9c5pcw0px00000gn/T//cccJhDnJ.s 			page 5


 114:Src/stm32f7xx_hal_msp.c ****     GPIO_InitStruct.Mode = GPIO_MODE_AF_PP;
 115:Src/stm32f7xx_hal_msp.c ****     GPIO_InitStruct.Pull = GPIO_NOPULL;
 116:Src/stm32f7xx_hal_msp.c ****     GPIO_InitStruct.Speed = GPIO_SPEED_FREQ_VERY_HIGH;
 117:Src/stm32f7xx_hal_msp.c ****     GPIO_InitStruct.Alternate = GPIO_AF11_ETH;
 118:Src/stm32f7xx_hal_msp.c ****     HAL_GPIO_Init(GPIOC, &GPIO_InitStruct);
 119:Src/stm32f7xx_hal_msp.c **** 
 120:Src/stm32f7xx_hal_msp.c ****     GPIO_InitStruct.Pin = RMII_REF_CLK_Pin|RMII_MDIO_Pin|RMII_CRS_DV_Pin;
 121:Src/stm32f7xx_hal_msp.c ****     GPIO_InitStruct.Mode = GPIO_MODE_AF_PP;
 122:Src/stm32f7xx_hal_msp.c ****     GPIO_InitStruct.Pull = GPIO_NOPULL;
 123:Src/stm32f7xx_hal_msp.c ****     GPIO_InitStruct.Speed = GPIO_SPEED_FREQ_VERY_HIGH;
 124:Src/stm32f7xx_hal_msp.c ****     GPIO_InitStruct.Alternate = GPIO_AF11_ETH;
 125:Src/stm32f7xx_hal_msp.c ****     HAL_GPIO_Init(GPIOA, &GPIO_InitStruct);
 126:Src/stm32f7xx_hal_msp.c **** 
 127:Src/stm32f7xx_hal_msp.c ****     GPIO_InitStruct.Pin = RMII_TXD1_Pin;
 128:Src/stm32f7xx_hal_msp.c ****     GPIO_InitStruct.Mode = GPIO_MODE_AF_PP;
 129:Src/stm32f7xx_hal_msp.c ****     GPIO_InitStruct.Pull = GPIO_NOPULL;
 130:Src/stm32f7xx_hal_msp.c ****     GPIO_InitStruct.Speed = GPIO_SPEED_FREQ_VERY_HIGH;
 131:Src/stm32f7xx_hal_msp.c ****     GPIO_InitStruct.Alternate = GPIO_AF11_ETH;
 132:Src/stm32f7xx_hal_msp.c ****     HAL_GPIO_Init(RMII_TXD1_GPIO_Port, &GPIO_InitStruct);
 133:Src/stm32f7xx_hal_msp.c **** 
 134:Src/stm32f7xx_hal_msp.c ****     GPIO_InitStruct.Pin = RMII_TX_EN_Pin|RMII_TXD0_Pin;
 135:Src/stm32f7xx_hal_msp.c ****     GPIO_InitStruct.Mode = GPIO_MODE_AF_PP;
 136:Src/stm32f7xx_hal_msp.c ****     GPIO_InitStruct.Pull = GPIO_NOPULL;
 137:Src/stm32f7xx_hal_msp.c ****     GPIO_InitStruct.Speed = GPIO_SPEED_FREQ_VERY_HIGH;
 138:Src/stm32f7xx_hal_msp.c ****     GPIO_InitStruct.Alternate = GPIO_AF11_ETH;
 139:Src/stm32f7xx_hal_msp.c ****     HAL_GPIO_Init(GPIOG, &GPIO_InitStruct);
 140:Src/stm32f7xx_hal_msp.c **** 
 141:Src/stm32f7xx_hal_msp.c ****   /* USER CODE BEGIN ETH_MspInit 1 */
 142:Src/stm32f7xx_hal_msp.c **** 
 143:Src/stm32f7xx_hal_msp.c ****   /* USER CODE END ETH_MspInit 1 */
 144:Src/stm32f7xx_hal_msp.c **** 
 145:Src/stm32f7xx_hal_msp.c ****   }
 146:Src/stm32f7xx_hal_msp.c **** 
 147:Src/stm32f7xx_hal_msp.c **** }
 119              		.loc 1 147 1 view .LVU21
 120 0018 0DB0     		add	sp, sp, #52
 121              		.cfi_remember_state
 122              		.cfi_def_cfa_offset 20
 123              		@ sp needed
 124 001a F0BD     		pop	{r4, r5, r6, r7, pc}
 125              	.LVL2:
 126              	.L8:
 127              		.cfi_restore_state
  96:Src/stm32f7xx_hal_msp.c **** 
 128              		.loc 1 96 5 is_stmt 1 view .LVU22
  96:Src/stm32f7xx_hal_msp.c **** 
 129              		.loc 1 96 5 view .LVU23
 130              	.LBB4:
  96:Src/stm32f7xx_hal_msp.c **** 
 131              		.loc 1 96 5 view .LVU24
  96:Src/stm32f7xx_hal_msp.c **** 
 132              		.loc 1 96 5 view .LVU25
 133 001c A3F59043 		sub	r3, r3, #18432
 134 0020 1A6B     		ldr	r2, [r3, #48]
 135 0022 42F00072 		orr	r2, r2, #33554432
 136 0026 1A63     		str	r2, [r3, #48]
  96:Src/stm32f7xx_hal_msp.c **** 
ARM GAS  /var/folders/8d/8djywmp92nx9cg9c5pcw0px00000gn/T//cccJhDnJ.s 			page 6


 137              		.loc 1 96 5 view .LVU26
 138 0028 1A6B     		ldr	r2, [r3, #48]
 139 002a 02F00072 		and	r2, r2, #33554432
 140 002e 0092     		str	r2, [sp]
  96:Src/stm32f7xx_hal_msp.c **** 
 141              		.loc 1 96 5 view .LVU27
 142 0030 009A     		ldr	r2, [sp]
 143              	.LBE4:
  96:Src/stm32f7xx_hal_msp.c **** 
 144              		.loc 1 96 5 view .LVU28
  96:Src/stm32f7xx_hal_msp.c **** 
 145              		.loc 1 96 5 view .LVU29
 146              	.LBB5:
  96:Src/stm32f7xx_hal_msp.c **** 
 147              		.loc 1 96 5 view .LVU30
  96:Src/stm32f7xx_hal_msp.c **** 
 148              		.loc 1 96 5 view .LVU31
 149 0032 1A6B     		ldr	r2, [r3, #48]
 150 0034 42F08062 		orr	r2, r2, #67108864
 151 0038 1A63     		str	r2, [r3, #48]
  96:Src/stm32f7xx_hal_msp.c **** 
 152              		.loc 1 96 5 view .LVU32
 153 003a 1A6B     		ldr	r2, [r3, #48]
 154 003c 02F08062 		and	r2, r2, #67108864
 155 0040 0192     		str	r2, [sp, #4]
  96:Src/stm32f7xx_hal_msp.c **** 
 156              		.loc 1 96 5 view .LVU33
 157 0042 019A     		ldr	r2, [sp, #4]
 158              	.LBE5:
  96:Src/stm32f7xx_hal_msp.c **** 
 159              		.loc 1 96 5 view .LVU34
  96:Src/stm32f7xx_hal_msp.c **** 
 160              		.loc 1 96 5 view .LVU35
 161              	.LBB6:
  96:Src/stm32f7xx_hal_msp.c **** 
 162              		.loc 1 96 5 view .LVU36
  96:Src/stm32f7xx_hal_msp.c **** 
 163              		.loc 1 96 5 view .LVU37
 164 0044 1A6B     		ldr	r2, [r3, #48]
 165 0046 42F00062 		orr	r2, r2, #134217728
 166 004a 1A63     		str	r2, [r3, #48]
  96:Src/stm32f7xx_hal_msp.c **** 
 167              		.loc 1 96 5 view .LVU38
 168 004c 1A6B     		ldr	r2, [r3, #48]
 169 004e 02F00062 		and	r2, r2, #134217728
 170 0052 0292     		str	r2, [sp, #8]
  96:Src/stm32f7xx_hal_msp.c **** 
 171              		.loc 1 96 5 view .LVU39
 172 0054 029A     		ldr	r2, [sp, #8]
 173              	.LBE6:
  96:Src/stm32f7xx_hal_msp.c **** 
 174              		.loc 1 96 5 view .LVU40
  96:Src/stm32f7xx_hal_msp.c **** 
 175              		.loc 1 96 5 view .LVU41
  98:Src/stm32f7xx_hal_msp.c ****     __HAL_RCC_GPIOA_CLK_ENABLE();
 176              		.loc 1 98 5 view .LVU42
 177              	.LBB7:
ARM GAS  /var/folders/8d/8djywmp92nx9cg9c5pcw0px00000gn/T//cccJhDnJ.s 			page 7


  98:Src/stm32f7xx_hal_msp.c ****     __HAL_RCC_GPIOA_CLK_ENABLE();
 178              		.loc 1 98 5 view .LVU43
  98:Src/stm32f7xx_hal_msp.c ****     __HAL_RCC_GPIOA_CLK_ENABLE();
 179              		.loc 1 98 5 view .LVU44
 180 0056 1A6B     		ldr	r2, [r3, #48]
 181 0058 42F00402 		orr	r2, r2, #4
 182 005c 1A63     		str	r2, [r3, #48]
  98:Src/stm32f7xx_hal_msp.c ****     __HAL_RCC_GPIOA_CLK_ENABLE();
 183              		.loc 1 98 5 view .LVU45
 184 005e 1A6B     		ldr	r2, [r3, #48]
 185 0060 02F00402 		and	r2, r2, #4
 186 0064 0392     		str	r2, [sp, #12]
  98:Src/stm32f7xx_hal_msp.c ****     __HAL_RCC_GPIOA_CLK_ENABLE();
 187              		.loc 1 98 5 view .LVU46
 188 0066 039A     		ldr	r2, [sp, #12]
 189              	.LBE7:
  98:Src/stm32f7xx_hal_msp.c ****     __HAL_RCC_GPIOA_CLK_ENABLE();
 190              		.loc 1 98 5 view .LVU47
  99:Src/stm32f7xx_hal_msp.c ****     __HAL_RCC_GPIOB_CLK_ENABLE();
 191              		.loc 1 99 5 view .LVU48
 192              	.LBB8:
  99:Src/stm32f7xx_hal_msp.c ****     __HAL_RCC_GPIOB_CLK_ENABLE();
 193              		.loc 1 99 5 view .LVU49
  99:Src/stm32f7xx_hal_msp.c ****     __HAL_RCC_GPIOB_CLK_ENABLE();
 194              		.loc 1 99 5 view .LVU50
 195 0068 1A6B     		ldr	r2, [r3, #48]
 196 006a 42F00102 		orr	r2, r2, #1
 197 006e 1A63     		str	r2, [r3, #48]
  99:Src/stm32f7xx_hal_msp.c ****     __HAL_RCC_GPIOB_CLK_ENABLE();
 198              		.loc 1 99 5 view .LVU51
 199 0070 1A6B     		ldr	r2, [r3, #48]
 200 0072 02F00102 		and	r2, r2, #1
 201 0076 0492     		str	r2, [sp, #16]
  99:Src/stm32f7xx_hal_msp.c ****     __HAL_RCC_GPIOB_CLK_ENABLE();
 202              		.loc 1 99 5 view .LVU52
 203 0078 049A     		ldr	r2, [sp, #16]
 204              	.LBE8:
  99:Src/stm32f7xx_hal_msp.c ****     __HAL_RCC_GPIOB_CLK_ENABLE();
 205              		.loc 1 99 5 view .LVU53
 100:Src/stm32f7xx_hal_msp.c ****     __HAL_RCC_GPIOG_CLK_ENABLE();
 206              		.loc 1 100 5 view .LVU54
 207              	.LBB9:
 100:Src/stm32f7xx_hal_msp.c ****     __HAL_RCC_GPIOG_CLK_ENABLE();
 208              		.loc 1 100 5 view .LVU55
 100:Src/stm32f7xx_hal_msp.c ****     __HAL_RCC_GPIOG_CLK_ENABLE();
 209              		.loc 1 100 5 view .LVU56
 210 007a 1A6B     		ldr	r2, [r3, #48]
 211 007c 42F00202 		orr	r2, r2, #2
 212 0080 1A63     		str	r2, [r3, #48]
 100:Src/stm32f7xx_hal_msp.c ****     __HAL_RCC_GPIOG_CLK_ENABLE();
 213              		.loc 1 100 5 view .LVU57
 214 0082 1A6B     		ldr	r2, [r3, #48]
 215 0084 02F00202 		and	r2, r2, #2
 216 0088 0592     		str	r2, [sp, #20]
 100:Src/stm32f7xx_hal_msp.c ****     __HAL_RCC_GPIOG_CLK_ENABLE();
 217              		.loc 1 100 5 view .LVU58
 218 008a 059A     		ldr	r2, [sp, #20]
ARM GAS  /var/folders/8d/8djywmp92nx9cg9c5pcw0px00000gn/T//cccJhDnJ.s 			page 8


 219              	.LBE9:
 100:Src/stm32f7xx_hal_msp.c ****     __HAL_RCC_GPIOG_CLK_ENABLE();
 220              		.loc 1 100 5 view .LVU59
 101:Src/stm32f7xx_hal_msp.c ****     /**ETH GPIO Configuration
 221              		.loc 1 101 5 view .LVU60
 222              	.LBB10:
 101:Src/stm32f7xx_hal_msp.c ****     /**ETH GPIO Configuration
 223              		.loc 1 101 5 view .LVU61
 101:Src/stm32f7xx_hal_msp.c ****     /**ETH GPIO Configuration
 224              		.loc 1 101 5 view .LVU62
 225 008c 1A6B     		ldr	r2, [r3, #48]
 226 008e 42F04002 		orr	r2, r2, #64
 227 0092 1A63     		str	r2, [r3, #48]
 101:Src/stm32f7xx_hal_msp.c ****     /**ETH GPIO Configuration
 228              		.loc 1 101 5 view .LVU63
 229 0094 1B6B     		ldr	r3, [r3, #48]
 230 0096 03F04003 		and	r3, r3, #64
 231 009a 0693     		str	r3, [sp, #24]
 101:Src/stm32f7xx_hal_msp.c ****     /**ETH GPIO Configuration
 232              		.loc 1 101 5 view .LVU64
 233 009c 069B     		ldr	r3, [sp, #24]
 234              	.LBE10:
 101:Src/stm32f7xx_hal_msp.c ****     /**ETH GPIO Configuration
 235              		.loc 1 101 5 view .LVU65
 113:Src/stm32f7xx_hal_msp.c ****     GPIO_InitStruct.Mode = GPIO_MODE_AF_PP;
 236              		.loc 1 113 5 view .LVU66
 113:Src/stm32f7xx_hal_msp.c ****     GPIO_InitStruct.Mode = GPIO_MODE_AF_PP;
 237              		.loc 1 113 25 is_stmt 0 view .LVU67
 238 009e 3223     		movs	r3, #50
 239 00a0 0793     		str	r3, [sp, #28]
 114:Src/stm32f7xx_hal_msp.c ****     GPIO_InitStruct.Pull = GPIO_NOPULL;
 240              		.loc 1 114 5 is_stmt 1 view .LVU68
 114:Src/stm32f7xx_hal_msp.c ****     GPIO_InitStruct.Pull = GPIO_NOPULL;
 241              		.loc 1 114 26 is_stmt 0 view .LVU69
 242 00a2 0226     		movs	r6, #2
 243 00a4 0896     		str	r6, [sp, #32]
 115:Src/stm32f7xx_hal_msp.c ****     GPIO_InitStruct.Speed = GPIO_SPEED_FREQ_VERY_HIGH;
 244              		.loc 1 115 5 is_stmt 1 view .LVU70
 116:Src/stm32f7xx_hal_msp.c ****     GPIO_InitStruct.Alternate = GPIO_AF11_ETH;
 245              		.loc 1 116 5 view .LVU71
 116:Src/stm32f7xx_hal_msp.c ****     GPIO_InitStruct.Alternate = GPIO_AF11_ETH;
 246              		.loc 1 116 27 is_stmt 0 view .LVU72
 247 00a6 0325     		movs	r5, #3
 248 00a8 0A95     		str	r5, [sp, #40]
 117:Src/stm32f7xx_hal_msp.c ****     HAL_GPIO_Init(GPIOC, &GPIO_InitStruct);
 249              		.loc 1 117 5 is_stmt 1 view .LVU73
 117:Src/stm32f7xx_hal_msp.c ****     HAL_GPIO_Init(GPIOC, &GPIO_InitStruct);
 250              		.loc 1 117 31 is_stmt 0 view .LVU74
 251 00aa 0B24     		movs	r4, #11
 252 00ac 0B94     		str	r4, [sp, #44]
 118:Src/stm32f7xx_hal_msp.c **** 
 253              		.loc 1 118 5 is_stmt 1 view .LVU75
 254 00ae 07A9     		add	r1, sp, #28
 255 00b0 1348     		ldr	r0, .L9+4
 256              	.LVL3:
 118:Src/stm32f7xx_hal_msp.c **** 
 257              		.loc 1 118 5 is_stmt 0 view .LVU76
ARM GAS  /var/folders/8d/8djywmp92nx9cg9c5pcw0px00000gn/T//cccJhDnJ.s 			page 9


 258 00b2 FFF7FEFF 		bl	HAL_GPIO_Init
 259              	.LVL4:
 120:Src/stm32f7xx_hal_msp.c ****     GPIO_InitStruct.Mode = GPIO_MODE_AF_PP;
 260              		.loc 1 120 5 is_stmt 1 view .LVU77
 120:Src/stm32f7xx_hal_msp.c ****     GPIO_InitStruct.Mode = GPIO_MODE_AF_PP;
 261              		.loc 1 120 25 is_stmt 0 view .LVU78
 262 00b6 8623     		movs	r3, #134
 263 00b8 0793     		str	r3, [sp, #28]
 121:Src/stm32f7xx_hal_msp.c ****     GPIO_InitStruct.Pull = GPIO_NOPULL;
 264              		.loc 1 121 5 is_stmt 1 view .LVU79
 121:Src/stm32f7xx_hal_msp.c ****     GPIO_InitStruct.Pull = GPIO_NOPULL;
 265              		.loc 1 121 26 is_stmt 0 view .LVU80
 266 00ba 0896     		str	r6, [sp, #32]
 122:Src/stm32f7xx_hal_msp.c ****     GPIO_InitStruct.Speed = GPIO_SPEED_FREQ_VERY_HIGH;
 267              		.loc 1 122 5 is_stmt 1 view .LVU81
 122:Src/stm32f7xx_hal_msp.c ****     GPIO_InitStruct.Speed = GPIO_SPEED_FREQ_VERY_HIGH;
 268              		.loc 1 122 26 is_stmt 0 view .LVU82
 269 00bc 0027     		movs	r7, #0
 270 00be 0997     		str	r7, [sp, #36]
 123:Src/stm32f7xx_hal_msp.c ****     GPIO_InitStruct.Alternate = GPIO_AF11_ETH;
 271              		.loc 1 123 5 is_stmt 1 view .LVU83
 123:Src/stm32f7xx_hal_msp.c ****     GPIO_InitStruct.Alternate = GPIO_AF11_ETH;
 272              		.loc 1 123 27 is_stmt 0 view .LVU84
 273 00c0 0A95     		str	r5, [sp, #40]
 124:Src/stm32f7xx_hal_msp.c ****     HAL_GPIO_Init(GPIOA, &GPIO_InitStruct);
 274              		.loc 1 124 5 is_stmt 1 view .LVU85
 124:Src/stm32f7xx_hal_msp.c ****     HAL_GPIO_Init(GPIOA, &GPIO_InitStruct);
 275              		.loc 1 124 31 is_stmt 0 view .LVU86
 276 00c2 0B94     		str	r4, [sp, #44]
 125:Src/stm32f7xx_hal_msp.c **** 
 277              		.loc 1 125 5 is_stmt 1 view .LVU87
 278 00c4 07A9     		add	r1, sp, #28
 279 00c6 0F48     		ldr	r0, .L9+8
 280 00c8 FFF7FEFF 		bl	HAL_GPIO_Init
 281              	.LVL5:
 127:Src/stm32f7xx_hal_msp.c ****     GPIO_InitStruct.Mode = GPIO_MODE_AF_PP;
 282              		.loc 1 127 5 view .LVU88
 127:Src/stm32f7xx_hal_msp.c ****     GPIO_InitStruct.Mode = GPIO_MODE_AF_PP;
 283              		.loc 1 127 25 is_stmt 0 view .LVU89
 284 00cc 4FF40053 		mov	r3, #8192
 285 00d0 0793     		str	r3, [sp, #28]
 128:Src/stm32f7xx_hal_msp.c ****     GPIO_InitStruct.Pull = GPIO_NOPULL;
 286              		.loc 1 128 5 is_stmt 1 view .LVU90
 128:Src/stm32f7xx_hal_msp.c ****     GPIO_InitStruct.Pull = GPIO_NOPULL;
 287              		.loc 1 128 26 is_stmt 0 view .LVU91
 288 00d2 0896     		str	r6, [sp, #32]
 129:Src/stm32f7xx_hal_msp.c ****     GPIO_InitStruct.Speed = GPIO_SPEED_FREQ_VERY_HIGH;
 289              		.loc 1 129 5 is_stmt 1 view .LVU92
 129:Src/stm32f7xx_hal_msp.c ****     GPIO_InitStruct.Speed = GPIO_SPEED_FREQ_VERY_HIGH;
 290              		.loc 1 129 26 is_stmt 0 view .LVU93
 291 00d4 0997     		str	r7, [sp, #36]
 130:Src/stm32f7xx_hal_msp.c ****     GPIO_InitStruct.Alternate = GPIO_AF11_ETH;
 292              		.loc 1 130 5 is_stmt 1 view .LVU94
 130:Src/stm32f7xx_hal_msp.c ****     GPIO_InitStruct.Alternate = GPIO_AF11_ETH;
 293              		.loc 1 130 27 is_stmt 0 view .LVU95
 294 00d6 0A95     		str	r5, [sp, #40]
 131:Src/stm32f7xx_hal_msp.c ****     HAL_GPIO_Init(RMII_TXD1_GPIO_Port, &GPIO_InitStruct);
ARM GAS  /var/folders/8d/8djywmp92nx9cg9c5pcw0px00000gn/T//cccJhDnJ.s 			page 10


 295              		.loc 1 131 5 is_stmt 1 view .LVU96
 131:Src/stm32f7xx_hal_msp.c ****     HAL_GPIO_Init(RMII_TXD1_GPIO_Port, &GPIO_InitStruct);
 296              		.loc 1 131 31 is_stmt 0 view .LVU97
 297 00d8 0B94     		str	r4, [sp, #44]
 132:Src/stm32f7xx_hal_msp.c **** 
 298              		.loc 1 132 5 is_stmt 1 view .LVU98
 299 00da 07A9     		add	r1, sp, #28
 300 00dc 0A48     		ldr	r0, .L9+12
 301 00de FFF7FEFF 		bl	HAL_GPIO_Init
 302              	.LVL6:
 134:Src/stm32f7xx_hal_msp.c ****     GPIO_InitStruct.Mode = GPIO_MODE_AF_PP;
 303              		.loc 1 134 5 view .LVU99
 134:Src/stm32f7xx_hal_msp.c ****     GPIO_InitStruct.Mode = GPIO_MODE_AF_PP;
 304              		.loc 1 134 25 is_stmt 0 view .LVU100
 305 00e2 4FF42053 		mov	r3, #10240
 306 00e6 0793     		str	r3, [sp, #28]
 135:Src/stm32f7xx_hal_msp.c ****     GPIO_InitStruct.Pull = GPIO_NOPULL;
 307              		.loc 1 135 5 is_stmt 1 view .LVU101
 135:Src/stm32f7xx_hal_msp.c ****     GPIO_InitStruct.Pull = GPIO_NOPULL;
 308              		.loc 1 135 26 is_stmt 0 view .LVU102
 309 00e8 0896     		str	r6, [sp, #32]
 136:Src/stm32f7xx_hal_msp.c ****     GPIO_InitStruct.Speed = GPIO_SPEED_FREQ_VERY_HIGH;
 310              		.loc 1 136 5 is_stmt 1 view .LVU103
 136:Src/stm32f7xx_hal_msp.c ****     GPIO_InitStruct.Speed = GPIO_SPEED_FREQ_VERY_HIGH;
 311              		.loc 1 136 26 is_stmt 0 view .LVU104
 312 00ea 0997     		str	r7, [sp, #36]
 137:Src/stm32f7xx_hal_msp.c ****     GPIO_InitStruct.Alternate = GPIO_AF11_ETH;
 313              		.loc 1 137 5 is_stmt 1 view .LVU105
 137:Src/stm32f7xx_hal_msp.c ****     GPIO_InitStruct.Alternate = GPIO_AF11_ETH;
 314              		.loc 1 137 27 is_stmt 0 view .LVU106
 315 00ec 0A95     		str	r5, [sp, #40]
 138:Src/stm32f7xx_hal_msp.c ****     HAL_GPIO_Init(GPIOG, &GPIO_InitStruct);
 316              		.loc 1 138 5 is_stmt 1 view .LVU107
 138:Src/stm32f7xx_hal_msp.c ****     HAL_GPIO_Init(GPIOG, &GPIO_InitStruct);
 317              		.loc 1 138 31 is_stmt 0 view .LVU108
 318 00ee 0B94     		str	r4, [sp, #44]
 139:Src/stm32f7xx_hal_msp.c **** 
 319              		.loc 1 139 5 is_stmt 1 view .LVU109
 320 00f0 07A9     		add	r1, sp, #28
 321 00f2 0648     		ldr	r0, .L9+16
 322 00f4 FFF7FEFF 		bl	HAL_GPIO_Init
 323              	.LVL7:
 324              		.loc 1 147 1 is_stmt 0 view .LVU110
 325 00f8 8EE7     		b	.L5
 326              	.L10:
 327 00fa 00BF     		.align	2
 328              	.L9:
 329 00fc 00800240 		.word	1073905664
 330 0100 00080240 		.word	1073874944
 331 0104 00000240 		.word	1073872896
 332 0108 00040240 		.word	1073873920
 333 010c 00180240 		.word	1073879040
 334              		.cfi_endproc
 335              	.LFE142:
 337              		.section	.text.HAL_ETH_MspDeInit,"ax",%progbits
 338              		.align	1
 339              		.global	HAL_ETH_MspDeInit
ARM GAS  /var/folders/8d/8djywmp92nx9cg9c5pcw0px00000gn/T//cccJhDnJ.s 			page 11


 340              		.syntax unified
 341              		.thumb
 342              		.thumb_func
 344              	HAL_ETH_MspDeInit:
 345              	.LVL8:
 346              	.LFB143:
 148:Src/stm32f7xx_hal_msp.c **** 
 149:Src/stm32f7xx_hal_msp.c **** /**
 150:Src/stm32f7xx_hal_msp.c **** * @brief ETH MSP De-Initialization
 151:Src/stm32f7xx_hal_msp.c **** * This function freeze the hardware resources used in this example
 152:Src/stm32f7xx_hal_msp.c **** * @param heth: ETH handle pointer
 153:Src/stm32f7xx_hal_msp.c **** * @retval None
 154:Src/stm32f7xx_hal_msp.c **** */
 155:Src/stm32f7xx_hal_msp.c **** void HAL_ETH_MspDeInit(ETH_HandleTypeDef* heth)
 156:Src/stm32f7xx_hal_msp.c **** {
 347              		.loc 1 156 1 is_stmt 1 view -0
 348              		.cfi_startproc
 349              		@ args = 0, pretend = 0, frame = 0
 350              		@ frame_needed = 0, uses_anonymous_args = 0
 351              		.loc 1 156 1 is_stmt 0 view .LVU112
 352 0000 08B5     		push	{r3, lr}
 353              		.cfi_def_cfa_offset 8
 354              		.cfi_offset 3, -8
 355              		.cfi_offset 14, -4
 157:Src/stm32f7xx_hal_msp.c ****   if(heth->Instance==ETH)
 356              		.loc 1 157 3 is_stmt 1 view .LVU113
 357              		.loc 1 157 10 is_stmt 0 view .LVU114
 358 0002 0268     		ldr	r2, [r0]
 359              		.loc 1 157 5 view .LVU115
 360 0004 124B     		ldr	r3, .L15
 361 0006 9A42     		cmp	r2, r3
 362 0008 00D0     		beq	.L14
 363              	.LVL9:
 364              	.L11:
 158:Src/stm32f7xx_hal_msp.c ****   {
 159:Src/stm32f7xx_hal_msp.c ****   /* USER CODE BEGIN ETH_MspDeInit 0 */
 160:Src/stm32f7xx_hal_msp.c **** 
 161:Src/stm32f7xx_hal_msp.c ****   /* USER CODE END ETH_MspDeInit 0 */
 162:Src/stm32f7xx_hal_msp.c ****     /* Peripheral clock disable */
 163:Src/stm32f7xx_hal_msp.c ****     __HAL_RCC_ETH_CLK_DISABLE();
 164:Src/stm32f7xx_hal_msp.c **** 
 165:Src/stm32f7xx_hal_msp.c ****     /**ETH GPIO Configuration
 166:Src/stm32f7xx_hal_msp.c ****     PC1     ------> ETH_MDC
 167:Src/stm32f7xx_hal_msp.c ****     PA1     ------> ETH_REF_CLK
 168:Src/stm32f7xx_hal_msp.c ****     PA2     ------> ETH_MDIO
 169:Src/stm32f7xx_hal_msp.c ****     PA7     ------> ETH_CRS_DV
 170:Src/stm32f7xx_hal_msp.c ****     PC4     ------> ETH_RXD0
 171:Src/stm32f7xx_hal_msp.c ****     PC5     ------> ETH_RXD1
 172:Src/stm32f7xx_hal_msp.c ****     PB13     ------> ETH_TXD1
 173:Src/stm32f7xx_hal_msp.c ****     PG11     ------> ETH_TX_EN
 174:Src/stm32f7xx_hal_msp.c ****     PG13     ------> ETH_TXD0
 175:Src/stm32f7xx_hal_msp.c ****     */
 176:Src/stm32f7xx_hal_msp.c ****     HAL_GPIO_DeInit(GPIOC, RMII_MDC_Pin|RMII_RXD0_Pin|RMII_RXD1_Pin);
 177:Src/stm32f7xx_hal_msp.c **** 
 178:Src/stm32f7xx_hal_msp.c ****     HAL_GPIO_DeInit(GPIOA, RMII_REF_CLK_Pin|RMII_MDIO_Pin|RMII_CRS_DV_Pin);
 179:Src/stm32f7xx_hal_msp.c **** 
 180:Src/stm32f7xx_hal_msp.c ****     HAL_GPIO_DeInit(RMII_TXD1_GPIO_Port, RMII_TXD1_Pin);
ARM GAS  /var/folders/8d/8djywmp92nx9cg9c5pcw0px00000gn/T//cccJhDnJ.s 			page 12


 181:Src/stm32f7xx_hal_msp.c **** 
 182:Src/stm32f7xx_hal_msp.c ****     HAL_GPIO_DeInit(GPIOG, RMII_TX_EN_Pin|RMII_TXD0_Pin);
 183:Src/stm32f7xx_hal_msp.c **** 
 184:Src/stm32f7xx_hal_msp.c ****   /* USER CODE BEGIN ETH_MspDeInit 1 */
 185:Src/stm32f7xx_hal_msp.c **** 
 186:Src/stm32f7xx_hal_msp.c ****   /* USER CODE END ETH_MspDeInit 1 */
 187:Src/stm32f7xx_hal_msp.c ****   }
 188:Src/stm32f7xx_hal_msp.c **** 
 189:Src/stm32f7xx_hal_msp.c **** }
 365              		.loc 1 189 1 view .LVU116
 366 000a 08BD     		pop	{r3, pc}
 367              	.LVL10:
 368              	.L14:
 163:Src/stm32f7xx_hal_msp.c **** 
 369              		.loc 1 163 5 is_stmt 1 view .LVU117
 163:Src/stm32f7xx_hal_msp.c **** 
 370              		.loc 1 163 5 view .LVU118
 371 000c A3F59043 		sub	r3, r3, #18432
 372 0010 1A6B     		ldr	r2, [r3, #48]
 373 0012 22F08062 		bic	r2, r2, #67108864
 374 0016 1A63     		str	r2, [r3, #48]
 163:Src/stm32f7xx_hal_msp.c **** 
 375              		.loc 1 163 5 view .LVU119
 376 0018 1A6B     		ldr	r2, [r3, #48]
 377 001a 22F00062 		bic	r2, r2, #134217728
 378 001e 1A63     		str	r2, [r3, #48]
 163:Src/stm32f7xx_hal_msp.c **** 
 379              		.loc 1 163 5 view .LVU120
 380 0020 1A6B     		ldr	r2, [r3, #48]
 381 0022 22F00072 		bic	r2, r2, #33554432
 382 0026 1A63     		str	r2, [r3, #48]
 163:Src/stm32f7xx_hal_msp.c **** 
 383              		.loc 1 163 5 view .LVU121
 176:Src/stm32f7xx_hal_msp.c **** 
 384              		.loc 1 176 5 view .LVU122
 385 0028 3221     		movs	r1, #50
 386 002a 0A48     		ldr	r0, .L15+4
 387              	.LVL11:
 176:Src/stm32f7xx_hal_msp.c **** 
 388              		.loc 1 176 5 is_stmt 0 view .LVU123
 389 002c FFF7FEFF 		bl	HAL_GPIO_DeInit
 390              	.LVL12:
 178:Src/stm32f7xx_hal_msp.c **** 
 391              		.loc 1 178 5 is_stmt 1 view .LVU124
 392 0030 8621     		movs	r1, #134
 393 0032 0948     		ldr	r0, .L15+8
 394 0034 FFF7FEFF 		bl	HAL_GPIO_DeInit
 395              	.LVL13:
 180:Src/stm32f7xx_hal_msp.c **** 
 396              		.loc 1 180 5 view .LVU125
 397 0038 4FF40051 		mov	r1, #8192
 398 003c 0748     		ldr	r0, .L15+12
 399 003e FFF7FEFF 		bl	HAL_GPIO_DeInit
 400              	.LVL14:
 182:Src/stm32f7xx_hal_msp.c **** 
 401              		.loc 1 182 5 view .LVU126
 402 0042 4FF42051 		mov	r1, #10240
ARM GAS  /var/folders/8d/8djywmp92nx9cg9c5pcw0px00000gn/T//cccJhDnJ.s 			page 13


 403 0046 0648     		ldr	r0, .L15+16
 404 0048 FFF7FEFF 		bl	HAL_GPIO_DeInit
 405              	.LVL15:
 406              		.loc 1 189 1 is_stmt 0 view .LVU127
 407 004c DDE7     		b	.L11
 408              	.L16:
 409 004e 00BF     		.align	2
 410              	.L15:
 411 0050 00800240 		.word	1073905664
 412 0054 00080240 		.word	1073874944
 413 0058 00000240 		.word	1073872896
 414 005c 00040240 		.word	1073873920
 415 0060 00180240 		.word	1073879040
 416              		.cfi_endproc
 417              	.LFE143:
 419              		.section	.text.HAL_UART_MspInit,"ax",%progbits
 420              		.align	1
 421              		.global	HAL_UART_MspInit
 422              		.syntax unified
 423              		.thumb
 424              		.thumb_func
 426              	HAL_UART_MspInit:
 427              	.LVL16:
 428              	.LFB144:
 190:Src/stm32f7xx_hal_msp.c **** 
 191:Src/stm32f7xx_hal_msp.c **** /**
 192:Src/stm32f7xx_hal_msp.c **** * @brief UART MSP Initialization
 193:Src/stm32f7xx_hal_msp.c **** * This function configures the hardware resources used in this example
 194:Src/stm32f7xx_hal_msp.c **** * @param huart: UART handle pointer
 195:Src/stm32f7xx_hal_msp.c **** * @retval None
 196:Src/stm32f7xx_hal_msp.c **** */
 197:Src/stm32f7xx_hal_msp.c **** void HAL_UART_MspInit(UART_HandleTypeDef* huart)
 198:Src/stm32f7xx_hal_msp.c **** {
 429              		.loc 1 198 1 is_stmt 1 view -0
 430              		.cfi_startproc
 431              		@ args = 0, pretend = 0, frame = 176
 432              		@ frame_needed = 0, uses_anonymous_args = 0
 433              		.loc 1 198 1 is_stmt 0 view .LVU129
 434 0000 10B5     		push	{r4, lr}
 435              		.cfi_def_cfa_offset 8
 436              		.cfi_offset 4, -8
 437              		.cfi_offset 14, -4
 438 0002 ACB0     		sub	sp, sp, #176
 439              		.cfi_def_cfa_offset 184
 440 0004 0446     		mov	r4, r0
 199:Src/stm32f7xx_hal_msp.c ****   GPIO_InitTypeDef GPIO_InitStruct = {0};
 441              		.loc 1 199 3 is_stmt 1 view .LVU130
 442              		.loc 1 199 20 is_stmt 0 view .LVU131
 443 0006 0021     		movs	r1, #0
 444 0008 2791     		str	r1, [sp, #156]
 445 000a 2891     		str	r1, [sp, #160]
 446 000c 2991     		str	r1, [sp, #164]
 447 000e 2A91     		str	r1, [sp, #168]
 448 0010 2B91     		str	r1, [sp, #172]
 200:Src/stm32f7xx_hal_msp.c ****   RCC_PeriphCLKInitTypeDef PeriphClkInitStruct = {0};
 449              		.loc 1 200 3 is_stmt 1 view .LVU132
 450              		.loc 1 200 28 is_stmt 0 view .LVU133
ARM GAS  /var/folders/8d/8djywmp92nx9cg9c5pcw0px00000gn/T//cccJhDnJ.s 			page 14


 451 0012 9022     		movs	r2, #144
 452 0014 03A8     		add	r0, sp, #12
 453              	.LVL17:
 454              		.loc 1 200 28 view .LVU134
 455 0016 FFF7FEFF 		bl	memset
 456              	.LVL18:
 201:Src/stm32f7xx_hal_msp.c ****   if(huart->Instance==USART3)
 457              		.loc 1 201 3 is_stmt 1 view .LVU135
 458              		.loc 1 201 11 is_stmt 0 view .LVU136
 459 001a 2268     		ldr	r2, [r4]
 460              		.loc 1 201 5 view .LVU137
 461 001c 184B     		ldr	r3, .L23
 462 001e 9A42     		cmp	r2, r3
 463 0020 01D0     		beq	.L21
 464              	.L17:
 202:Src/stm32f7xx_hal_msp.c ****   {
 203:Src/stm32f7xx_hal_msp.c ****   /* USER CODE BEGIN USART3_MspInit 0 */
 204:Src/stm32f7xx_hal_msp.c **** 
 205:Src/stm32f7xx_hal_msp.c ****   /* USER CODE END USART3_MspInit 0 */
 206:Src/stm32f7xx_hal_msp.c **** 
 207:Src/stm32f7xx_hal_msp.c ****   /** Initializes the peripherals clock
 208:Src/stm32f7xx_hal_msp.c ****   */
 209:Src/stm32f7xx_hal_msp.c ****     PeriphClkInitStruct.PeriphClockSelection = RCC_PERIPHCLK_USART3;
 210:Src/stm32f7xx_hal_msp.c ****     PeriphClkInitStruct.Usart3ClockSelection = RCC_USART3CLKSOURCE_PCLK1;
 211:Src/stm32f7xx_hal_msp.c ****     if (HAL_RCCEx_PeriphCLKConfig(&PeriphClkInitStruct) != HAL_OK)
 212:Src/stm32f7xx_hal_msp.c ****     {
 213:Src/stm32f7xx_hal_msp.c ****       Error_Handler();
 214:Src/stm32f7xx_hal_msp.c ****     }
 215:Src/stm32f7xx_hal_msp.c **** 
 216:Src/stm32f7xx_hal_msp.c ****     /* Peripheral clock enable */
 217:Src/stm32f7xx_hal_msp.c ****     __HAL_RCC_USART3_CLK_ENABLE();
 218:Src/stm32f7xx_hal_msp.c **** 
 219:Src/stm32f7xx_hal_msp.c ****     __HAL_RCC_GPIOD_CLK_ENABLE();
 220:Src/stm32f7xx_hal_msp.c ****     /**USART3 GPIO Configuration
 221:Src/stm32f7xx_hal_msp.c ****     PD8     ------> USART3_TX
 222:Src/stm32f7xx_hal_msp.c ****     PD9     ------> USART3_RX
 223:Src/stm32f7xx_hal_msp.c ****     */
 224:Src/stm32f7xx_hal_msp.c ****     GPIO_InitStruct.Pin = STLK_RX_Pin|STLK_TX_Pin;
 225:Src/stm32f7xx_hal_msp.c ****     GPIO_InitStruct.Mode = GPIO_MODE_AF_PP;
 226:Src/stm32f7xx_hal_msp.c ****     GPIO_InitStruct.Pull = GPIO_NOPULL;
 227:Src/stm32f7xx_hal_msp.c ****     GPIO_InitStruct.Speed = GPIO_SPEED_FREQ_VERY_HIGH;
 228:Src/stm32f7xx_hal_msp.c ****     GPIO_InitStruct.Alternate = GPIO_AF7_USART3;
 229:Src/stm32f7xx_hal_msp.c ****     HAL_GPIO_Init(GPIOD, &GPIO_InitStruct);
 230:Src/stm32f7xx_hal_msp.c **** 
 231:Src/stm32f7xx_hal_msp.c ****   /* USER CODE BEGIN USART3_MspInit 1 */
 232:Src/stm32f7xx_hal_msp.c **** 
 233:Src/stm32f7xx_hal_msp.c ****   /* USER CODE END USART3_MspInit 1 */
 234:Src/stm32f7xx_hal_msp.c **** 
 235:Src/stm32f7xx_hal_msp.c ****   }
 236:Src/stm32f7xx_hal_msp.c **** 
 237:Src/stm32f7xx_hal_msp.c **** }
 465              		.loc 1 237 1 view .LVU138
 466 0022 2CB0     		add	sp, sp, #176
 467              		.cfi_remember_state
 468              		.cfi_def_cfa_offset 8
 469              		@ sp needed
 470 0024 10BD     		pop	{r4, pc}
ARM GAS  /var/folders/8d/8djywmp92nx9cg9c5pcw0px00000gn/T//cccJhDnJ.s 			page 15


 471              	.LVL19:
 472              	.L21:
 473              		.cfi_restore_state
 209:Src/stm32f7xx_hal_msp.c ****     PeriphClkInitStruct.Usart3ClockSelection = RCC_USART3CLKSOURCE_PCLK1;
 474              		.loc 1 209 5 is_stmt 1 view .LVU139
 209:Src/stm32f7xx_hal_msp.c ****     PeriphClkInitStruct.Usart3ClockSelection = RCC_USART3CLKSOURCE_PCLK1;
 475              		.loc 1 209 46 is_stmt 0 view .LVU140
 476 0026 4FF48073 		mov	r3, #256
 477 002a 0393     		str	r3, [sp, #12]
 210:Src/stm32f7xx_hal_msp.c ****     if (HAL_RCCEx_PeriphCLKConfig(&PeriphClkInitStruct) != HAL_OK)
 478              		.loc 1 210 5 is_stmt 1 view .LVU141
 211:Src/stm32f7xx_hal_msp.c ****     {
 479              		.loc 1 211 5 view .LVU142
 211:Src/stm32f7xx_hal_msp.c ****     {
 480              		.loc 1 211 9 is_stmt 0 view .LVU143
 481 002c 03A8     		add	r0, sp, #12
 482 002e FFF7FEFF 		bl	HAL_RCCEx_PeriphCLKConfig
 483              	.LVL20:
 211:Src/stm32f7xx_hal_msp.c ****     {
 484              		.loc 1 211 8 discriminator 1 view .LVU144
 485 0032 10BB     		cbnz	r0, .L22
 486              	.L19:
 217:Src/stm32f7xx_hal_msp.c **** 
 487              		.loc 1 217 5 is_stmt 1 view .LVU145
 488              	.LBB11:
 217:Src/stm32f7xx_hal_msp.c **** 
 489              		.loc 1 217 5 view .LVU146
 217:Src/stm32f7xx_hal_msp.c **** 
 490              		.loc 1 217 5 view .LVU147
 491 0034 134B     		ldr	r3, .L23+4
 492 0036 1A6C     		ldr	r2, [r3, #64]
 493 0038 42F48022 		orr	r2, r2, #262144
 494 003c 1A64     		str	r2, [r3, #64]
 217:Src/stm32f7xx_hal_msp.c **** 
 495              		.loc 1 217 5 view .LVU148
 496 003e 1A6C     		ldr	r2, [r3, #64]
 497 0040 02F48022 		and	r2, r2, #262144
 498 0044 0192     		str	r2, [sp, #4]
 217:Src/stm32f7xx_hal_msp.c **** 
 499              		.loc 1 217 5 view .LVU149
 500 0046 019A     		ldr	r2, [sp, #4]
 501              	.LBE11:
 217:Src/stm32f7xx_hal_msp.c **** 
 502              		.loc 1 217 5 view .LVU150
 219:Src/stm32f7xx_hal_msp.c ****     /**USART3 GPIO Configuration
 503              		.loc 1 219 5 view .LVU151
 504              	.LBB12:
 219:Src/stm32f7xx_hal_msp.c ****     /**USART3 GPIO Configuration
 505              		.loc 1 219 5 view .LVU152
 219:Src/stm32f7xx_hal_msp.c ****     /**USART3 GPIO Configuration
 506              		.loc 1 219 5 view .LVU153
 507 0048 1A6B     		ldr	r2, [r3, #48]
 508 004a 42F00802 		orr	r2, r2, #8
 509 004e 1A63     		str	r2, [r3, #48]
 219:Src/stm32f7xx_hal_msp.c ****     /**USART3 GPIO Configuration
 510              		.loc 1 219 5 view .LVU154
 511 0050 1B6B     		ldr	r3, [r3, #48]
ARM GAS  /var/folders/8d/8djywmp92nx9cg9c5pcw0px00000gn/T//cccJhDnJ.s 			page 16


 512 0052 03F00803 		and	r3, r3, #8
 513 0056 0293     		str	r3, [sp, #8]
 219:Src/stm32f7xx_hal_msp.c ****     /**USART3 GPIO Configuration
 514              		.loc 1 219 5 view .LVU155
 515 0058 029B     		ldr	r3, [sp, #8]
 516              	.LBE12:
 219:Src/stm32f7xx_hal_msp.c ****     /**USART3 GPIO Configuration
 517              		.loc 1 219 5 view .LVU156
 224:Src/stm32f7xx_hal_msp.c ****     GPIO_InitStruct.Mode = GPIO_MODE_AF_PP;
 518              		.loc 1 224 5 view .LVU157
 224:Src/stm32f7xx_hal_msp.c ****     GPIO_InitStruct.Mode = GPIO_MODE_AF_PP;
 519              		.loc 1 224 25 is_stmt 0 view .LVU158
 520 005a 4FF44073 		mov	r3, #768
 521 005e 2793     		str	r3, [sp, #156]
 225:Src/stm32f7xx_hal_msp.c ****     GPIO_InitStruct.Pull = GPIO_NOPULL;
 522              		.loc 1 225 5 is_stmt 1 view .LVU159
 225:Src/stm32f7xx_hal_msp.c ****     GPIO_InitStruct.Pull = GPIO_NOPULL;
 523              		.loc 1 225 26 is_stmt 0 view .LVU160
 524 0060 0223     		movs	r3, #2
 525 0062 2893     		str	r3, [sp, #160]
 226:Src/stm32f7xx_hal_msp.c ****     GPIO_InitStruct.Speed = GPIO_SPEED_FREQ_VERY_HIGH;
 526              		.loc 1 226 5 is_stmt 1 view .LVU161
 226:Src/stm32f7xx_hal_msp.c ****     GPIO_InitStruct.Speed = GPIO_SPEED_FREQ_VERY_HIGH;
 527              		.loc 1 226 26 is_stmt 0 view .LVU162
 528 0064 0023     		movs	r3, #0
 529 0066 2993     		str	r3, [sp, #164]
 227:Src/stm32f7xx_hal_msp.c ****     GPIO_InitStruct.Alternate = GPIO_AF7_USART3;
 530              		.loc 1 227 5 is_stmt 1 view .LVU163
 227:Src/stm32f7xx_hal_msp.c ****     GPIO_InitStruct.Alternate = GPIO_AF7_USART3;
 531              		.loc 1 227 27 is_stmt 0 view .LVU164
 532 0068 0323     		movs	r3, #3
 533 006a 2A93     		str	r3, [sp, #168]
 228:Src/stm32f7xx_hal_msp.c ****     HAL_GPIO_Init(GPIOD, &GPIO_InitStruct);
 534              		.loc 1 228 5 is_stmt 1 view .LVU165
 228:Src/stm32f7xx_hal_msp.c ****     HAL_GPIO_Init(GPIOD, &GPIO_InitStruct);
 535              		.loc 1 228 31 is_stmt 0 view .LVU166
 536 006c 0723     		movs	r3, #7
 537 006e 2B93     		str	r3, [sp, #172]
 229:Src/stm32f7xx_hal_msp.c **** 
 538              		.loc 1 229 5 is_stmt 1 view .LVU167
 539 0070 27A9     		add	r1, sp, #156
 540 0072 0548     		ldr	r0, .L23+8
 541 0074 FFF7FEFF 		bl	HAL_GPIO_Init
 542              	.LVL21:
 543              		.loc 1 237 1 is_stmt 0 view .LVU168
 544 0078 D3E7     		b	.L17
 545              	.L22:
 213:Src/stm32f7xx_hal_msp.c ****     }
 546              		.loc 1 213 7 is_stmt 1 view .LVU169
 547 007a FFF7FEFF 		bl	Error_Handler
 548              	.LVL22:
 549 007e D9E7     		b	.L19
 550              	.L24:
 551              		.align	2
 552              	.L23:
 553 0080 00480040 		.word	1073760256
 554 0084 00380240 		.word	1073887232
ARM GAS  /var/folders/8d/8djywmp92nx9cg9c5pcw0px00000gn/T//cccJhDnJ.s 			page 17


 555 0088 000C0240 		.word	1073875968
 556              		.cfi_endproc
 557              	.LFE144:
 559              		.section	.text.HAL_UART_MspDeInit,"ax",%progbits
 560              		.align	1
 561              		.global	HAL_UART_MspDeInit
 562              		.syntax unified
 563              		.thumb
 564              		.thumb_func
 566              	HAL_UART_MspDeInit:
 567              	.LVL23:
 568              	.LFB145:
 238:Src/stm32f7xx_hal_msp.c **** 
 239:Src/stm32f7xx_hal_msp.c **** /**
 240:Src/stm32f7xx_hal_msp.c **** * @brief UART MSP De-Initialization
 241:Src/stm32f7xx_hal_msp.c **** * This function freeze the hardware resources used in this example
 242:Src/stm32f7xx_hal_msp.c **** * @param huart: UART handle pointer
 243:Src/stm32f7xx_hal_msp.c **** * @retval None
 244:Src/stm32f7xx_hal_msp.c **** */
 245:Src/stm32f7xx_hal_msp.c **** void HAL_UART_MspDeInit(UART_HandleTypeDef* huart)
 246:Src/stm32f7xx_hal_msp.c **** {
 569              		.loc 1 246 1 view -0
 570              		.cfi_startproc
 571              		@ args = 0, pretend = 0, frame = 0
 572              		@ frame_needed = 0, uses_anonymous_args = 0
 573              		.loc 1 246 1 is_stmt 0 view .LVU171
 574 0000 08B5     		push	{r3, lr}
 575              		.cfi_def_cfa_offset 8
 576              		.cfi_offset 3, -8
 577              		.cfi_offset 14, -4
 247:Src/stm32f7xx_hal_msp.c ****   if(huart->Instance==USART3)
 578              		.loc 1 247 3 is_stmt 1 view .LVU172
 579              		.loc 1 247 11 is_stmt 0 view .LVU173
 580 0002 0268     		ldr	r2, [r0]
 581              		.loc 1 247 5 view .LVU174
 582 0004 074B     		ldr	r3, .L29
 583 0006 9A42     		cmp	r2, r3
 584 0008 00D0     		beq	.L28
 585              	.LVL24:
 586              	.L25:
 248:Src/stm32f7xx_hal_msp.c ****   {
 249:Src/stm32f7xx_hal_msp.c ****   /* USER CODE BEGIN USART3_MspDeInit 0 */
 250:Src/stm32f7xx_hal_msp.c **** 
 251:Src/stm32f7xx_hal_msp.c ****   /* USER CODE END USART3_MspDeInit 0 */
 252:Src/stm32f7xx_hal_msp.c ****     /* Peripheral clock disable */
 253:Src/stm32f7xx_hal_msp.c ****     __HAL_RCC_USART3_CLK_DISABLE();
 254:Src/stm32f7xx_hal_msp.c **** 
 255:Src/stm32f7xx_hal_msp.c ****     /**USART3 GPIO Configuration
 256:Src/stm32f7xx_hal_msp.c ****     PD8     ------> USART3_TX
 257:Src/stm32f7xx_hal_msp.c ****     PD9     ------> USART3_RX
 258:Src/stm32f7xx_hal_msp.c ****     */
 259:Src/stm32f7xx_hal_msp.c ****     HAL_GPIO_DeInit(GPIOD, STLK_RX_Pin|STLK_TX_Pin);
 260:Src/stm32f7xx_hal_msp.c **** 
 261:Src/stm32f7xx_hal_msp.c ****   /* USER CODE BEGIN USART3_MspDeInit 1 */
 262:Src/stm32f7xx_hal_msp.c **** 
 263:Src/stm32f7xx_hal_msp.c ****   /* USER CODE END USART3_MspDeInit 1 */
 264:Src/stm32f7xx_hal_msp.c ****   }
ARM GAS  /var/folders/8d/8djywmp92nx9cg9c5pcw0px00000gn/T//cccJhDnJ.s 			page 18


 265:Src/stm32f7xx_hal_msp.c **** 
 266:Src/stm32f7xx_hal_msp.c **** }
 587              		.loc 1 266 1 view .LVU175
 588 000a 08BD     		pop	{r3, pc}
 589              	.LVL25:
 590              	.L28:
 253:Src/stm32f7xx_hal_msp.c **** 
 591              		.loc 1 253 5 is_stmt 1 view .LVU176
 592 000c 064A     		ldr	r2, .L29+4
 593 000e 136C     		ldr	r3, [r2, #64]
 594 0010 23F48023 		bic	r3, r3, #262144
 595 0014 1364     		str	r3, [r2, #64]
 259:Src/stm32f7xx_hal_msp.c **** 
 596              		.loc 1 259 5 view .LVU177
 597 0016 4FF44071 		mov	r1, #768
 598 001a 0448     		ldr	r0, .L29+8
 599              	.LVL26:
 259:Src/stm32f7xx_hal_msp.c **** 
 600              		.loc 1 259 5 is_stmt 0 view .LVU178
 601 001c FFF7FEFF 		bl	HAL_GPIO_DeInit
 602              	.LVL27:
 603              		.loc 1 266 1 view .LVU179
 604 0020 F3E7     		b	.L25
 605              	.L30:
 606 0022 00BF     		.align	2
 607              	.L29:
 608 0024 00480040 		.word	1073760256
 609 0028 00380240 		.word	1073887232
 610 002c 000C0240 		.word	1073875968
 611              		.cfi_endproc
 612              	.LFE145:
 614              		.section	.text.HAL_PCD_MspInit,"ax",%progbits
 615              		.align	1
 616              		.global	HAL_PCD_MspInit
 617              		.syntax unified
 618              		.thumb
 619              		.thumb_func
 621              	HAL_PCD_MspInit:
 622              	.LVL28:
 623              	.LFB146:
 267:Src/stm32f7xx_hal_msp.c **** 
 268:Src/stm32f7xx_hal_msp.c **** /**
 269:Src/stm32f7xx_hal_msp.c **** * @brief PCD MSP Initialization
 270:Src/stm32f7xx_hal_msp.c **** * This function configures the hardware resources used in this example
 271:Src/stm32f7xx_hal_msp.c **** * @param hpcd: PCD handle pointer
 272:Src/stm32f7xx_hal_msp.c **** * @retval None
 273:Src/stm32f7xx_hal_msp.c **** */
 274:Src/stm32f7xx_hal_msp.c **** void HAL_PCD_MspInit(PCD_HandleTypeDef* hpcd)
 275:Src/stm32f7xx_hal_msp.c **** {
 624              		.loc 1 275 1 is_stmt 1 view -0
 625              		.cfi_startproc
 626              		@ args = 0, pretend = 0, frame = 176
 627              		@ frame_needed = 0, uses_anonymous_args = 0
 628              		.loc 1 275 1 is_stmt 0 view .LVU181
 629 0000 70B5     		push	{r4, r5, r6, lr}
 630              		.cfi_def_cfa_offset 16
 631              		.cfi_offset 4, -16
ARM GAS  /var/folders/8d/8djywmp92nx9cg9c5pcw0px00000gn/T//cccJhDnJ.s 			page 19


 632              		.cfi_offset 5, -12
 633              		.cfi_offset 6, -8
 634              		.cfi_offset 14, -4
 635 0002 ACB0     		sub	sp, sp, #176
 636              		.cfi_def_cfa_offset 192
 637 0004 0446     		mov	r4, r0
 276:Src/stm32f7xx_hal_msp.c ****   GPIO_InitTypeDef GPIO_InitStruct = {0};
 638              		.loc 1 276 3 is_stmt 1 view .LVU182
 639              		.loc 1 276 20 is_stmt 0 view .LVU183
 640 0006 0021     		movs	r1, #0
 641 0008 2791     		str	r1, [sp, #156]
 642 000a 2891     		str	r1, [sp, #160]
 643 000c 2991     		str	r1, [sp, #164]
 644 000e 2A91     		str	r1, [sp, #168]
 645 0010 2B91     		str	r1, [sp, #172]
 277:Src/stm32f7xx_hal_msp.c ****   RCC_PeriphCLKInitTypeDef PeriphClkInitStruct = {0};
 646              		.loc 1 277 3 is_stmt 1 view .LVU184
 647              		.loc 1 277 28 is_stmt 0 view .LVU185
 648 0012 9022     		movs	r2, #144
 649 0014 03A8     		add	r0, sp, #12
 650              	.LVL29:
 651              		.loc 1 277 28 view .LVU186
 652 0016 FFF7FEFF 		bl	memset
 653              	.LVL30:
 278:Src/stm32f7xx_hal_msp.c ****   if(hpcd->Instance==USB_OTG_FS)
 654              		.loc 1 278 3 is_stmt 1 view .LVU187
 655              		.loc 1 278 10 is_stmt 0 view .LVU188
 656 001a 2368     		ldr	r3, [r4]
 657              		.loc 1 278 5 view .LVU189
 658 001c B3F1A04F 		cmp	r3, #1342177280
 659 0020 01D0     		beq	.L35
 660              	.LVL31:
 661              	.L31:
 279:Src/stm32f7xx_hal_msp.c ****   {
 280:Src/stm32f7xx_hal_msp.c ****   /* USER CODE BEGIN USB_OTG_FS_MspInit 0 */
 281:Src/stm32f7xx_hal_msp.c **** 
 282:Src/stm32f7xx_hal_msp.c ****   /* USER CODE END USB_OTG_FS_MspInit 0 */
 283:Src/stm32f7xx_hal_msp.c **** 
 284:Src/stm32f7xx_hal_msp.c ****   /** Initializes the peripherals clock
 285:Src/stm32f7xx_hal_msp.c ****   */
 286:Src/stm32f7xx_hal_msp.c ****     PeriphClkInitStruct.PeriphClockSelection = RCC_PERIPHCLK_CLK48;
 287:Src/stm32f7xx_hal_msp.c ****     PeriphClkInitStruct.Clk48ClockSelection = RCC_CLK48SOURCE_PLL;
 288:Src/stm32f7xx_hal_msp.c ****     if (HAL_RCCEx_PeriphCLKConfig(&PeriphClkInitStruct) != HAL_OK)
 289:Src/stm32f7xx_hal_msp.c ****     {
 290:Src/stm32f7xx_hal_msp.c ****       Error_Handler();
 291:Src/stm32f7xx_hal_msp.c ****     }
 292:Src/stm32f7xx_hal_msp.c **** 
 293:Src/stm32f7xx_hal_msp.c ****     __HAL_RCC_GPIOA_CLK_ENABLE();
 294:Src/stm32f7xx_hal_msp.c ****     /**USB_OTG_FS GPIO Configuration
 295:Src/stm32f7xx_hal_msp.c ****     PA8     ------> USB_OTG_FS_SOF
 296:Src/stm32f7xx_hal_msp.c ****     PA9     ------> USB_OTG_FS_VBUS
 297:Src/stm32f7xx_hal_msp.c ****     PA10     ------> USB_OTG_FS_ID
 298:Src/stm32f7xx_hal_msp.c ****     PA11     ------> USB_OTG_FS_DM
 299:Src/stm32f7xx_hal_msp.c ****     PA12     ------> USB_OTG_FS_DP
 300:Src/stm32f7xx_hal_msp.c ****     */
 301:Src/stm32f7xx_hal_msp.c ****     GPIO_InitStruct.Pin = USB_SOF_Pin|USB_ID_Pin|USB_DM_Pin|USB_DP_Pin;
 302:Src/stm32f7xx_hal_msp.c ****     GPIO_InitStruct.Mode = GPIO_MODE_AF_PP;
ARM GAS  /var/folders/8d/8djywmp92nx9cg9c5pcw0px00000gn/T//cccJhDnJ.s 			page 20


 303:Src/stm32f7xx_hal_msp.c ****     GPIO_InitStruct.Pull = GPIO_NOPULL;
 304:Src/stm32f7xx_hal_msp.c ****     GPIO_InitStruct.Speed = GPIO_SPEED_FREQ_VERY_HIGH;
 305:Src/stm32f7xx_hal_msp.c ****     GPIO_InitStruct.Alternate = GPIO_AF10_OTG_FS;
 306:Src/stm32f7xx_hal_msp.c ****     HAL_GPIO_Init(GPIOA, &GPIO_InitStruct);
 307:Src/stm32f7xx_hal_msp.c **** 
 308:Src/stm32f7xx_hal_msp.c ****     GPIO_InitStruct.Pin = USB_VBUS_Pin;
 309:Src/stm32f7xx_hal_msp.c ****     GPIO_InitStruct.Mode = GPIO_MODE_INPUT;
 310:Src/stm32f7xx_hal_msp.c ****     GPIO_InitStruct.Pull = GPIO_NOPULL;
 311:Src/stm32f7xx_hal_msp.c ****     HAL_GPIO_Init(USB_VBUS_GPIO_Port, &GPIO_InitStruct);
 312:Src/stm32f7xx_hal_msp.c **** 
 313:Src/stm32f7xx_hal_msp.c ****     /* Peripheral clock enable */
 314:Src/stm32f7xx_hal_msp.c ****     __HAL_RCC_USB_OTG_FS_CLK_ENABLE();
 315:Src/stm32f7xx_hal_msp.c ****   /* USER CODE BEGIN USB_OTG_FS_MspInit 1 */
 316:Src/stm32f7xx_hal_msp.c **** 
 317:Src/stm32f7xx_hal_msp.c ****   /* USER CODE END USB_OTG_FS_MspInit 1 */
 318:Src/stm32f7xx_hal_msp.c **** 
 319:Src/stm32f7xx_hal_msp.c ****   }
 320:Src/stm32f7xx_hal_msp.c **** 
 321:Src/stm32f7xx_hal_msp.c **** }
 662              		.loc 1 321 1 view .LVU190
 663 0022 2CB0     		add	sp, sp, #176
 664              		.cfi_remember_state
 665              		.cfi_def_cfa_offset 16
 666              		@ sp needed
 667 0024 70BD     		pop	{r4, r5, r6, pc}
 668              	.LVL32:
 669              	.L35:
 670              		.cfi_restore_state
 286:Src/stm32f7xx_hal_msp.c ****     PeriphClkInitStruct.Clk48ClockSelection = RCC_CLK48SOURCE_PLL;
 671              		.loc 1 286 5 is_stmt 1 view .LVU191
 286:Src/stm32f7xx_hal_msp.c ****     PeriphClkInitStruct.Clk48ClockSelection = RCC_CLK48SOURCE_PLL;
 672              		.loc 1 286 46 is_stmt 0 view .LVU192
 673 0026 4FF40013 		mov	r3, #2097152
 674 002a 0393     		str	r3, [sp, #12]
 287:Src/stm32f7xx_hal_msp.c ****     if (HAL_RCCEx_PeriphCLKConfig(&PeriphClkInitStruct) != HAL_OK)
 675              		.loc 1 287 5 is_stmt 1 view .LVU193
 288:Src/stm32f7xx_hal_msp.c ****     {
 676              		.loc 1 288 5 view .LVU194
 288:Src/stm32f7xx_hal_msp.c ****     {
 677              		.loc 1 288 9 is_stmt 0 view .LVU195
 678 002c 03A8     		add	r0, sp, #12
 679 002e FFF7FEFF 		bl	HAL_RCCEx_PeriphCLKConfig
 680              	.LVL33:
 288:Src/stm32f7xx_hal_msp.c ****     {
 681              		.loc 1 288 8 discriminator 1 view .LVU196
 682 0032 0028     		cmp	r0, #0
 683 0034 35D1     		bne	.L36
 684              	.L33:
 293:Src/stm32f7xx_hal_msp.c ****     /**USB_OTG_FS GPIO Configuration
 685              		.loc 1 293 5 is_stmt 1 view .LVU197
 686              	.LBB13:
 293:Src/stm32f7xx_hal_msp.c ****     /**USB_OTG_FS GPIO Configuration
 687              		.loc 1 293 5 view .LVU198
 293:Src/stm32f7xx_hal_msp.c ****     /**USB_OTG_FS GPIO Configuration
 688              		.loc 1 293 5 view .LVU199
 689 0036 1C4C     		ldr	r4, .L37
 690              	.LVL34:
ARM GAS  /var/folders/8d/8djywmp92nx9cg9c5pcw0px00000gn/T//cccJhDnJ.s 			page 21


 293:Src/stm32f7xx_hal_msp.c ****     /**USB_OTG_FS GPIO Configuration
 691              		.loc 1 293 5 is_stmt 0 view .LVU200
 692 0038 236B     		ldr	r3, [r4, #48]
 693 003a 43F00103 		orr	r3, r3, #1
 694 003e 2363     		str	r3, [r4, #48]
 293:Src/stm32f7xx_hal_msp.c ****     /**USB_OTG_FS GPIO Configuration
 695              		.loc 1 293 5 is_stmt 1 view .LVU201
 696 0040 236B     		ldr	r3, [r4, #48]
 697 0042 03F00103 		and	r3, r3, #1
 698 0046 0093     		str	r3, [sp]
 293:Src/stm32f7xx_hal_msp.c ****     /**USB_OTG_FS GPIO Configuration
 699              		.loc 1 293 5 view .LVU202
 700 0048 009B     		ldr	r3, [sp]
 701              	.LBE13:
 293:Src/stm32f7xx_hal_msp.c ****     /**USB_OTG_FS GPIO Configuration
 702              		.loc 1 293 5 view .LVU203
 301:Src/stm32f7xx_hal_msp.c ****     GPIO_InitStruct.Mode = GPIO_MODE_AF_PP;
 703              		.loc 1 301 5 view .LVU204
 301:Src/stm32f7xx_hal_msp.c ****     GPIO_InitStruct.Mode = GPIO_MODE_AF_PP;
 704              		.loc 1 301 25 is_stmt 0 view .LVU205
 705 004a 4FF4E853 		mov	r3, #7424
 706 004e 2793     		str	r3, [sp, #156]
 302:Src/stm32f7xx_hal_msp.c ****     GPIO_InitStruct.Pull = GPIO_NOPULL;
 707              		.loc 1 302 5 is_stmt 1 view .LVU206
 302:Src/stm32f7xx_hal_msp.c ****     GPIO_InitStruct.Pull = GPIO_NOPULL;
 708              		.loc 1 302 26 is_stmt 0 view .LVU207
 709 0050 0223     		movs	r3, #2
 710 0052 2893     		str	r3, [sp, #160]
 303:Src/stm32f7xx_hal_msp.c ****     GPIO_InitStruct.Speed = GPIO_SPEED_FREQ_VERY_HIGH;
 711              		.loc 1 303 5 is_stmt 1 view .LVU208
 303:Src/stm32f7xx_hal_msp.c ****     GPIO_InitStruct.Speed = GPIO_SPEED_FREQ_VERY_HIGH;
 712              		.loc 1 303 26 is_stmt 0 view .LVU209
 713 0054 0025     		movs	r5, #0
 714 0056 2995     		str	r5, [sp, #164]
 304:Src/stm32f7xx_hal_msp.c ****     GPIO_InitStruct.Alternate = GPIO_AF10_OTG_FS;
 715              		.loc 1 304 5 is_stmt 1 view .LVU210
 304:Src/stm32f7xx_hal_msp.c ****     GPIO_InitStruct.Alternate = GPIO_AF10_OTG_FS;
 716              		.loc 1 304 27 is_stmt 0 view .LVU211
 717 0058 0323     		movs	r3, #3
 718 005a 2A93     		str	r3, [sp, #168]
 305:Src/stm32f7xx_hal_msp.c ****     HAL_GPIO_Init(GPIOA, &GPIO_InitStruct);
 719              		.loc 1 305 5 is_stmt 1 view .LVU212
 305:Src/stm32f7xx_hal_msp.c ****     HAL_GPIO_Init(GPIOA, &GPIO_InitStruct);
 720              		.loc 1 305 31 is_stmt 0 view .LVU213
 721 005c 0A23     		movs	r3, #10
 722 005e 2B93     		str	r3, [sp, #172]
 306:Src/stm32f7xx_hal_msp.c **** 
 723              		.loc 1 306 5 is_stmt 1 view .LVU214
 724 0060 124E     		ldr	r6, .L37+4
 725 0062 27A9     		add	r1, sp, #156
 726 0064 3046     		mov	r0, r6
 727 0066 FFF7FEFF 		bl	HAL_GPIO_Init
 728              	.LVL35:
 308:Src/stm32f7xx_hal_msp.c ****     GPIO_InitStruct.Mode = GPIO_MODE_INPUT;
 729              		.loc 1 308 5 view .LVU215
 308:Src/stm32f7xx_hal_msp.c ****     GPIO_InitStruct.Mode = GPIO_MODE_INPUT;
 730              		.loc 1 308 25 is_stmt 0 view .LVU216
ARM GAS  /var/folders/8d/8djywmp92nx9cg9c5pcw0px00000gn/T//cccJhDnJ.s 			page 22


 731 006a 4FF40073 		mov	r3, #512
 732 006e 2793     		str	r3, [sp, #156]
 309:Src/stm32f7xx_hal_msp.c ****     GPIO_InitStruct.Pull = GPIO_NOPULL;
 733              		.loc 1 309 5 is_stmt 1 view .LVU217
 309:Src/stm32f7xx_hal_msp.c ****     GPIO_InitStruct.Pull = GPIO_NOPULL;
 734              		.loc 1 309 26 is_stmt 0 view .LVU218
 735 0070 2895     		str	r5, [sp, #160]
 310:Src/stm32f7xx_hal_msp.c ****     HAL_GPIO_Init(USB_VBUS_GPIO_Port, &GPIO_InitStruct);
 736              		.loc 1 310 5 is_stmt 1 view .LVU219
 310:Src/stm32f7xx_hal_msp.c ****     HAL_GPIO_Init(USB_VBUS_GPIO_Port, &GPIO_InitStruct);
 737              		.loc 1 310 26 is_stmt 0 view .LVU220
 738 0072 2995     		str	r5, [sp, #164]
 311:Src/stm32f7xx_hal_msp.c **** 
 739              		.loc 1 311 5 is_stmt 1 view .LVU221
 740 0074 27A9     		add	r1, sp, #156
 741 0076 3046     		mov	r0, r6
 742 0078 FFF7FEFF 		bl	HAL_GPIO_Init
 743              	.LVL36:
 314:Src/stm32f7xx_hal_msp.c ****   /* USER CODE BEGIN USB_OTG_FS_MspInit 1 */
 744              		.loc 1 314 5 view .LVU222
 745              	.LBB14:
 314:Src/stm32f7xx_hal_msp.c ****   /* USER CODE BEGIN USB_OTG_FS_MspInit 1 */
 746              		.loc 1 314 5 view .LVU223
 314:Src/stm32f7xx_hal_msp.c ****   /* USER CODE BEGIN USB_OTG_FS_MspInit 1 */
 747              		.loc 1 314 5 view .LVU224
 748 007c 636B     		ldr	r3, [r4, #52]
 749 007e 43F08003 		orr	r3, r3, #128
 750 0082 6363     		str	r3, [r4, #52]
 314:Src/stm32f7xx_hal_msp.c ****   /* USER CODE BEGIN USB_OTG_FS_MspInit 1 */
 751              		.loc 1 314 5 view .LVU225
 752 0084 636B     		ldr	r3, [r4, #52]
 753 0086 03F08003 		and	r3, r3, #128
 754 008a 0193     		str	r3, [sp, #4]
 314:Src/stm32f7xx_hal_msp.c ****   /* USER CODE BEGIN USB_OTG_FS_MspInit 1 */
 755              		.loc 1 314 5 view .LVU226
 756 008c 019B     		ldr	r3, [sp, #4]
 314:Src/stm32f7xx_hal_msp.c ****   /* USER CODE BEGIN USB_OTG_FS_MspInit 1 */
 757              		.loc 1 314 5 view .LVU227
 758              	.LBB15:
 314:Src/stm32f7xx_hal_msp.c ****   /* USER CODE BEGIN USB_OTG_FS_MspInit 1 */
 759              		.loc 1 314 5 view .LVU228
 314:Src/stm32f7xx_hal_msp.c ****   /* USER CODE BEGIN USB_OTG_FS_MspInit 1 */
 760              		.loc 1 314 5 view .LVU229
 761 008e 636C     		ldr	r3, [r4, #68]
 762 0090 43F48043 		orr	r3, r3, #16384
 763 0094 6364     		str	r3, [r4, #68]
 314:Src/stm32f7xx_hal_msp.c ****   /* USER CODE BEGIN USB_OTG_FS_MspInit 1 */
 764              		.loc 1 314 5 view .LVU230
 765 0096 636C     		ldr	r3, [r4, #68]
 766 0098 03F48043 		and	r3, r3, #16384
 767 009c 0293     		str	r3, [sp, #8]
 314:Src/stm32f7xx_hal_msp.c ****   /* USER CODE BEGIN USB_OTG_FS_MspInit 1 */
 768              		.loc 1 314 5 view .LVU231
 769 009e 029B     		ldr	r3, [sp, #8]
 770              	.LBE15:
 314:Src/stm32f7xx_hal_msp.c ****   /* USER CODE BEGIN USB_OTG_FS_MspInit 1 */
 771              		.loc 1 314 5 discriminator 1 view .LVU232
ARM GAS  /var/folders/8d/8djywmp92nx9cg9c5pcw0px00000gn/T//cccJhDnJ.s 			page 23


 772              	.LBE14:
 314:Src/stm32f7xx_hal_msp.c ****   /* USER CODE BEGIN USB_OTG_FS_MspInit 1 */
 773              		.loc 1 314 5 discriminator 1 view .LVU233
 774              		.loc 1 321 1 is_stmt 0 view .LVU234
 775 00a0 BFE7     		b	.L31
 776              	.LVL37:
 777              	.L36:
 290:Src/stm32f7xx_hal_msp.c ****     }
 778              		.loc 1 290 7 is_stmt 1 view .LVU235
 779 00a2 FFF7FEFF 		bl	Error_Handler
 780              	.LVL38:
 781 00a6 C6E7     		b	.L33
 782              	.L38:
 783              		.align	2
 784              	.L37:
 785 00a8 00380240 		.word	1073887232
 786 00ac 00000240 		.word	1073872896
 787              		.cfi_endproc
 788              	.LFE146:
 790              		.section	.text.HAL_PCD_MspDeInit,"ax",%progbits
 791              		.align	1
 792              		.global	HAL_PCD_MspDeInit
 793              		.syntax unified
 794              		.thumb
 795              		.thumb_func
 797              	HAL_PCD_MspDeInit:
 798              	.LVL39:
 799              	.LFB147:
 322:Src/stm32f7xx_hal_msp.c **** 
 323:Src/stm32f7xx_hal_msp.c **** /**
 324:Src/stm32f7xx_hal_msp.c **** * @brief PCD MSP De-Initialization
 325:Src/stm32f7xx_hal_msp.c **** * This function freeze the hardware resources used in this example
 326:Src/stm32f7xx_hal_msp.c **** * @param hpcd: PCD handle pointer
 327:Src/stm32f7xx_hal_msp.c **** * @retval None
 328:Src/stm32f7xx_hal_msp.c **** */
 329:Src/stm32f7xx_hal_msp.c **** void HAL_PCD_MspDeInit(PCD_HandleTypeDef* hpcd)
 330:Src/stm32f7xx_hal_msp.c **** {
 800              		.loc 1 330 1 view -0
 801              		.cfi_startproc
 802              		@ args = 0, pretend = 0, frame = 0
 803              		@ frame_needed = 0, uses_anonymous_args = 0
 804              		.loc 1 330 1 is_stmt 0 view .LVU237
 805 0000 08B5     		push	{r3, lr}
 806              		.cfi_def_cfa_offset 8
 807              		.cfi_offset 3, -8
 808              		.cfi_offset 14, -4
 331:Src/stm32f7xx_hal_msp.c ****   if(hpcd->Instance==USB_OTG_FS)
 809              		.loc 1 331 3 is_stmt 1 view .LVU238
 810              		.loc 1 331 10 is_stmt 0 view .LVU239
 811 0002 0368     		ldr	r3, [r0]
 812              		.loc 1 331 5 view .LVU240
 813 0004 B3F1A04F 		cmp	r3, #1342177280
 814 0008 00D0     		beq	.L42
 815              	.LVL40:
 816              	.L39:
 332:Src/stm32f7xx_hal_msp.c ****   {
 333:Src/stm32f7xx_hal_msp.c ****   /* USER CODE BEGIN USB_OTG_FS_MspDeInit 0 */
ARM GAS  /var/folders/8d/8djywmp92nx9cg9c5pcw0px00000gn/T//cccJhDnJ.s 			page 24


 334:Src/stm32f7xx_hal_msp.c **** 
 335:Src/stm32f7xx_hal_msp.c ****   /* USER CODE END USB_OTG_FS_MspDeInit 0 */
 336:Src/stm32f7xx_hal_msp.c ****     /* Peripheral clock disable */
 337:Src/stm32f7xx_hal_msp.c ****     __HAL_RCC_USB_OTG_FS_CLK_DISABLE();
 338:Src/stm32f7xx_hal_msp.c **** 
 339:Src/stm32f7xx_hal_msp.c ****     /**USB_OTG_FS GPIO Configuration
 340:Src/stm32f7xx_hal_msp.c ****     PA8     ------> USB_OTG_FS_SOF
 341:Src/stm32f7xx_hal_msp.c ****     PA9     ------> USB_OTG_FS_VBUS
 342:Src/stm32f7xx_hal_msp.c ****     PA10     ------> USB_OTG_FS_ID
 343:Src/stm32f7xx_hal_msp.c ****     PA11     ------> USB_OTG_FS_DM
 344:Src/stm32f7xx_hal_msp.c ****     PA12     ------> USB_OTG_FS_DP
 345:Src/stm32f7xx_hal_msp.c ****     */
 346:Src/stm32f7xx_hal_msp.c ****     HAL_GPIO_DeInit(GPIOA, USB_SOF_Pin|USB_VBUS_Pin|USB_ID_Pin|USB_DM_Pin
 347:Src/stm32f7xx_hal_msp.c ****                           |USB_DP_Pin);
 348:Src/stm32f7xx_hal_msp.c **** 
 349:Src/stm32f7xx_hal_msp.c ****   /* USER CODE BEGIN USB_OTG_FS_MspDeInit 1 */
 350:Src/stm32f7xx_hal_msp.c **** 
 351:Src/stm32f7xx_hal_msp.c ****   /* USER CODE END USB_OTG_FS_MspDeInit 1 */
 352:Src/stm32f7xx_hal_msp.c ****   }
 353:Src/stm32f7xx_hal_msp.c **** 
 354:Src/stm32f7xx_hal_msp.c **** }
 817              		.loc 1 354 1 view .LVU241
 818 000a 08BD     		pop	{r3, pc}
 819              	.LVL41:
 820              	.L42:
 337:Src/stm32f7xx_hal_msp.c **** 
 821              		.loc 1 337 5 is_stmt 1 view .LVU242
 822 000c 054A     		ldr	r2, .L43
 823 000e 536B     		ldr	r3, [r2, #52]
 824 0010 23F08003 		bic	r3, r3, #128
 825 0014 5363     		str	r3, [r2, #52]
 346:Src/stm32f7xx_hal_msp.c ****                           |USB_DP_Pin);
 826              		.loc 1 346 5 view .LVU243
 827 0016 4FF4F851 		mov	r1, #7936
 828 001a 0348     		ldr	r0, .L43+4
 829              	.LVL42:
 346:Src/stm32f7xx_hal_msp.c ****                           |USB_DP_Pin);
 830              		.loc 1 346 5 is_stmt 0 view .LVU244
 831 001c FFF7FEFF 		bl	HAL_GPIO_DeInit
 832              	.LVL43:
 833              		.loc 1 354 1 view .LVU245
 834 0020 F3E7     		b	.L39
 835              	.L44:
 836 0022 00BF     		.align	2
 837              	.L43:
 838 0024 00380240 		.word	1073887232
 839 0028 00000240 		.word	1073872896
 840              		.cfi_endproc
 841              	.LFE147:
 843              		.text
 844              	.Letext0:
 845              		.file 2 "/Users/isaiah.beckermayer/Library/Application Support/Cursor/User/globalStorage/bmd.stm32
 846              		.file 3 "/Users/isaiah.beckermayer/Library/Application Support/Cursor/User/globalStorage/bmd.stm32
 847              		.file 4 "Drivers/CMSIS/Device/ST/STM32F7xx/Include/stm32f767xx.h"
 848              		.file 5 "Drivers/STM32F7xx_HAL_Driver/Inc/stm32f7xx_hal_def.h"
 849              		.file 6 "Drivers/STM32F7xx_HAL_Driver/Inc/stm32f7xx_hal_rcc_ex.h"
 850              		.file 7 "Drivers/STM32F7xx_HAL_Driver/Inc/stm32f7xx_hal_gpio.h"
ARM GAS  /var/folders/8d/8djywmp92nx9cg9c5pcw0px00000gn/T//cccJhDnJ.s 			page 25


 851              		.file 8 "Drivers/STM32F7xx_HAL_Driver/Inc/stm32f7xx_hal_dma.h"
 852              		.file 9 "Drivers/STM32F7xx_HAL_Driver/Inc/stm32f7xx_hal_eth.h"
 853              		.file 10 "Drivers/STM32F7xx_HAL_Driver/Inc/stm32f7xx_hal_uart.h"
 854              		.file 11 "Drivers/STM32F7xx_HAL_Driver/Inc/stm32f7xx_ll_usb.h"
 855              		.file 12 "Drivers/STM32F7xx_HAL_Driver/Inc/stm32f7xx_hal_pcd.h"
 856              		.file 13 "Inc/main.h"
 857              		.file 14 "<built-in>"
ARM GAS  /var/folders/8d/8djywmp92nx9cg9c5pcw0px00000gn/T//cccJhDnJ.s 			page 26


DEFINED SYMBOLS
                            *ABS*:00000000 stm32f7xx_hal_msp.c
/var/folders/8d/8djywmp92nx9cg9c5pcw0px00000gn/T//cccJhDnJ.s:20     .text.HAL_MspInit:00000000 $t
/var/folders/8d/8djywmp92nx9cg9c5pcw0px00000gn/T//cccJhDnJ.s:26     .text.HAL_MspInit:00000000 HAL_MspInit
/var/folders/8d/8djywmp92nx9cg9c5pcw0px00000gn/T//cccJhDnJ.s:74     .text.HAL_MspInit:0000002c $d
/var/folders/8d/8djywmp92nx9cg9c5pcw0px00000gn/T//cccJhDnJ.s:79     .text.HAL_ETH_MspInit:00000000 $t
/var/folders/8d/8djywmp92nx9cg9c5pcw0px00000gn/T//cccJhDnJ.s:85     .text.HAL_ETH_MspInit:00000000 HAL_ETH_MspInit
/var/folders/8d/8djywmp92nx9cg9c5pcw0px00000gn/T//cccJhDnJ.s:329    .text.HAL_ETH_MspInit:000000fc $d
/var/folders/8d/8djywmp92nx9cg9c5pcw0px00000gn/T//cccJhDnJ.s:338    .text.HAL_ETH_MspDeInit:00000000 $t
/var/folders/8d/8djywmp92nx9cg9c5pcw0px00000gn/T//cccJhDnJ.s:344    .text.HAL_ETH_MspDeInit:00000000 HAL_ETH_MspDeInit
/var/folders/8d/8djywmp92nx9cg9c5pcw0px00000gn/T//cccJhDnJ.s:411    .text.HAL_ETH_MspDeInit:00000050 $d
/var/folders/8d/8djywmp92nx9cg9c5pcw0px00000gn/T//cccJhDnJ.s:420    .text.HAL_UART_MspInit:00000000 $t
/var/folders/8d/8djywmp92nx9cg9c5pcw0px00000gn/T//cccJhDnJ.s:426    .text.HAL_UART_MspInit:00000000 HAL_UART_MspInit
/var/folders/8d/8djywmp92nx9cg9c5pcw0px00000gn/T//cccJhDnJ.s:553    .text.HAL_UART_MspInit:00000080 $d
/var/folders/8d/8djywmp92nx9cg9c5pcw0px00000gn/T//cccJhDnJ.s:560    .text.HAL_UART_MspDeInit:00000000 $t
/var/folders/8d/8djywmp92nx9cg9c5pcw0px00000gn/T//cccJhDnJ.s:566    .text.HAL_UART_MspDeInit:00000000 HAL_UART_MspDeInit
/var/folders/8d/8djywmp92nx9cg9c5pcw0px00000gn/T//cccJhDnJ.s:608    .text.HAL_UART_MspDeInit:00000024 $d
/var/folders/8d/8djywmp92nx9cg9c5pcw0px00000gn/T//cccJhDnJ.s:615    .text.HAL_PCD_MspInit:00000000 $t
/var/folders/8d/8djywmp92nx9cg9c5pcw0px00000gn/T//cccJhDnJ.s:621    .text.HAL_PCD_MspInit:00000000 HAL_PCD_MspInit
/var/folders/8d/8djywmp92nx9cg9c5pcw0px00000gn/T//cccJhDnJ.s:785    .text.HAL_PCD_MspInit:000000a8 $d
/var/folders/8d/8djywmp92nx9cg9c5pcw0px00000gn/T//cccJhDnJ.s:791    .text.HAL_PCD_MspDeInit:00000000 $t
/var/folders/8d/8djywmp92nx9cg9c5pcw0px00000gn/T//cccJhDnJ.s:797    .text.HAL_PCD_MspDeInit:00000000 HAL_PCD_MspDeInit
/var/folders/8d/8djywmp92nx9cg9c5pcw0px00000gn/T//cccJhDnJ.s:838    .text.HAL_PCD_MspDeInit:00000024 $d

UNDEFINED SYMBOLS
HAL_GPIO_Init
HAL_GPIO_DeInit
memset
HAL_RCCEx_PeriphCLKConfig
Error_Handler
